TN:
SF:src\api\api.ts
FN:14,(anonymous_0)
FN:24,(anonymous_1)
FN:25,(anonymous_2)
FN:41,(anonymous_3)
FN:42,(anonymous_4)
FN:43,(anonymous_5)
FN:44,(anonymous_6)
FN:45,(anonymous_7)
FN:46,(anonymous_8)
FN:47,(anonymous_9)
FN:48,(anonymous_10)
FN:50,(anonymous_11)
FN:52,(anonymous_12)
FNF:13
FNH:11
FNDA:73,(anonymous_0)
FNDA:69,(anonymous_1)
FNDA:4,(anonymous_2)
FNDA:0,(anonymous_3)
FNDA:0,(anonymous_4)
FNDA:4,(anonymous_5)
FNDA:1,(anonymous_6)
FNDA:1,(anonymous_7)
FNDA:2,(anonymous_8)
FNDA:3,(anonymous_9)
FNDA:2,(anonymous_10)
FNDA:2,(anonymous_11)
FNDA:5,(anonymous_12)
DA:4,27
DA:6,27
DA:14,27
DA:15,73
DA:16,73
DA:17,10
DA:19,73
DA:23,27
DA:24,69
DA:26,4
DA:27,1
DA:28,1
DA:29,1
DA:30,1
DA:32,1
DA:33,1
DA:36,4
DA:40,27
DA:41,0
DA:42,0
DA:43,4
DA:44,1
DA:45,1
DA:46,2
DA:47,3
DA:49,2
DA:51,2
DA:53,5
LF:28
LH:26
BRDA:16,0,0,10
BRDA:16,0,1,63
BRDA:26,1,0,1
BRDA:26,1,1,3
BRDA:30,2,0,1
BRDA:30,2,1,0
BRDA:32,3,0,1
BRDA:32,3,1,0
BRF:8
BRH:6
end_of_record
TN:
SF:src\api\deptadmin.ts
FN:71,(anonymous_0)
FN:74,(anonymous_1)
FN:79,(anonymous_2)
FN:81,(anonymous_3)
FN:83,(anonymous_4)
FNF:5
FNH:1
FNDA:5,(anonymous_0)
FNDA:0,(anonymous_1)
FNDA:0,(anonymous_2)
FNDA:0,(anonymous_3)
FNDA:0,(anonymous_4)
DA:70,16
DA:72,5
DA:77,0
DA:79,0
DA:81,0
DA:84,0
LF:6
LH:2
BRF:0
BRH:0
end_of_record
TN:
SF:src\api\depthead.ts
FN:70,(anonymous_0)
FN:73,(anonymous_1)
FN:78,(anonymous_2)
FN:81,(anonymous_3)
FN:84,(anonymous_4)
FNF:5
FNH:0
FNDA:0,(anonymous_0)
FNDA:0,(anonymous_1)
FNDA:0,(anonymous_2)
FNDA:0,(anonymous_3)
FNDA:0,(anonymous_4)
DA:69,17
DA:71,0
DA:76,0
DA:79,0
DA:82,0
DA:84,0
LF:6
LH:1
BRF:0
BRH:0
end_of_record
TN:
SF:src\api\notifications.ts
FN:17,(anonymous_0)
FN:21,(anonymous_1)
FN:25,(anonymous_2)
FNF:3
FNH:3
FNDA:3,(anonymous_0)
FNDA:2,(anonymous_1)
FNDA:1,(anonymous_2)
DA:15,16
DA:18,3
DA:22,2
DA:26,1
LF:4
LH:4
BRF:0
BRH:0
end_of_record
TN:
SF:src\api\orgadmin.ts
FN:184,(anonymous_0)
FN:188,(anonymous_1)
FN:191,(anonymous_2)
FN:195,(anonymous_3)
FN:203,(anonymous_4)
FN:207,(anonymous_5)
FN:210,(anonymous_6)
FN:214,(anonymous_7)
FN:222,(anonymous_8)
FNF:9
FNH:1
FNDA:0,(anonymous_0)
FNDA:0,(anonymous_1)
FNDA:0,(anonymous_2)
FNDA:0,(anonymous_3)
FNDA:0,(anonymous_4)
FNDA:2,(anonymous_5)
FNDA:0,(anonymous_6)
FNDA:0,(anonymous_7)
FNDA:0,(anonymous_8)
DA:178,18
DA:185,0
DA:188,0
DA:192,0
DA:196,0
DA:204,0
DA:207,2
DA:211,0
DA:215,0
DA:222,0
LF:10
LH:2
BRF:0
BRH:0
end_of_record
TN:
SF:src\api\orghead.ts
FN:144,(anonymous_0)
FN:147,(anonymous_1)
FN:149,(anonymous_2)
FN:152,(anonymous_3)
FN:155,(anonymous_4)
FN:157,(anonymous_5)
FN:159,(anonymous_6)
FNF:7
FNH:5
FNDA:8,(anonymous_0)
FNDA:1,(anonymous_1)
FNDA:1,(anonymous_2)
FNDA:0,(anonymous_3)
FNDA:0,(anonymous_4)
FNDA:7,(anonymous_5)
FNDA:7,(anonymous_6)
DA:143,19
DA:145,8
DA:147,1
DA:150,1
DA:153,0
DA:155,0
DA:157,7
DA:159,7
LF:8
LH:6
BRF:0
BRH:0
end_of_record
TN:
SF:src\api\sysadmin.ts
FN:211,(anonymous_0)
FN:215,(anonymous_1)
FN:219,(anonymous_2)
FN:223,(anonymous_3)
FN:231,(anonymous_4)
FN:235,(anonymous_5)
FN:239,(anonymous_6)
FN:243,(anonymous_7)
FN:251,(anonymous_8)
FN:255,(anonymous_9)
FN:259,(anonymous_10)
FN:263,(anonymous_11)
FN:271,(anonymous_12)
FN:275,(anonymous_13)
FN:279,(anonymous_14)
FNF:15
FNH:2
FNDA:0,(anonymous_0)
FNDA:0,(anonymous_1)
FNDA:0,(anonymous_2)
FNDA:0,(anonymous_3)
FNDA:0,(anonymous_4)
FNDA:0,(anonymous_5)
FNDA:0,(anonymous_6)
FNDA:0,(anonymous_7)
FNDA:0,(anonymous_8)
FNDA:0,(anonymous_9)
FNDA:0,(anonymous_10)
FNDA:0,(anonymous_11)
FNDA:0,(anonymous_12)
FNDA:8,(anonymous_13)
FNDA:8,(anonymous_14)
DA:205,17
DA:212,0
DA:216,0
DA:220,0
DA:224,0
DA:232,0
DA:236,0
DA:240,0
DA:244,0
DA:252,0
DA:256,0
DA:260,0
DA:264,0
DA:272,0
DA:276,8
DA:280,8
LF:16
LH:3
BRDA:275,0,0,8
BRDA:275,1,0,8
BRF:2
BRH:2
end_of_record
TN:
SF:src\auth\ForgotPassword.tsx
FN:9,(anonymous_0)
FN:29,(anonymous_1)
FN:30,(anonymous_2)
FN:32,(anonymous_3)
FN:37,(anonymous_4)
FN:38,(anonymous_5)
FN:45,(anonymous_6)
FN:48,(anonymous_7)
FN:60,(anonymous_8)
FN:70,(anonymous_9)
FN:84,(anonymous_10)
FN:84,(anonymous_11)
FN:96,(anonymous_12)
FN:102,(anonymous_13)
FN:128,(anonymous_14)
FN:155,(anonymous_15)
FN:169,(anonymous_16)
FN:180,(anonymous_17)
FN:189,(anonymous_18)
FNF:19
FNH:6
FNDA:1,(anonymous_0)
FNDA:1,(anonymous_1)
FNDA:1,(anonymous_2)
FNDA:0,(anonymous_3)
FNDA:1,(anonymous_4)
FNDA:0,(anonymous_5)
FNDA:1,(anonymous_6)
FNDA:0,(anonymous_7)
FNDA:0,(anonymous_8)
FNDA:1,(anonymous_9)
FNDA:0,(anonymous_10)
FNDA:0,(anonymous_11)
FNDA:0,(anonymous_12)
FNDA:0,(anonymous_13)
FNDA:0,(anonymous_14)
FNDA:0,(anonymous_15)
FNDA:0,(anonymous_16)
FNDA:0,(anonymous_17)
FNDA:0,(anonymous_18)
DA:9,1
DA:10,1
DA:11,1
DA:12,1
DA:13,1
DA:14,1
DA:16,1
DA:17,1
DA:18,1
DA:20,1
DA:21,1
DA:23,1
DA:29,1
DA:30,1
DA:32,1
DA:33,0
DA:34,0
DA:37,1
DA:38,1
DA:39,0
DA:40,0
DA:41,0
DA:44,1
DA:45,1
DA:48,1
DA:49,0
DA:50,0
DA:51,0
DA:53,0
DA:54,0
DA:56,0
DA:57,0
DA:58,0
DA:59,0
DA:60,0
DA:62,0
DA:65,0
DA:66,0
DA:70,1
DA:71,1
DA:72,0
DA:76,1
DA:84,0
DA:97,0
DA:98,0
DA:102,0
DA:128,0
DA:155,0
DA:169,0
DA:180,0
DA:189,0
LF:51
LH:23
BRDA:30,0,0,1
BRDA:30,0,1,0
BRDA:40,1,0,0
BRDA:40,1,1,0
BRDA:40,2,0,0
BRDA:40,2,1,0
BRDA:49,3,0,0
BRDA:49,3,1,0
BRDA:58,4,0,0
BRDA:58,4,1,0
BRDA:65,5,0,0
BRDA:65,5,1,0
BRDA:65,5,2,0
BRDA:71,6,0,0
BRDA:71,6,1,1
BRDA:85,7,0,0
BRDA:85,7,1,1
BRDA:91,8,0,0
BRDA:91,8,1,1
BRDA:94,9,0,1
BRDA:94,9,1,0
BRDA:104,10,0,0
BRDA:104,10,1,0
BRDA:108,11,0,0
BRDA:108,11,1,0
BRDA:111,12,0,0
BRDA:111,12,1,0
BRDA:115,13,0,0
BRDA:115,13,1,0
BRDA:144,14,0,1
BRDA:144,14,1,0
BRDA:149,15,0,1
BRDA:149,15,1,0
BRDA:181,16,0,1
BRDA:181,16,1,1
BRDA:184,17,0,0
BRDA:184,17,1,1
BRDA:190,18,0,1
BRDA:190,18,1,1
BRDA:193,19,0,0
BRDA:193,19,1,1
BRF:41
BRH:13
end_of_record
TN:
SF:src\auth\Login.tsx
FN:9,(anonymous_0)
FN:28,(anonymous_1)
FN:29,(anonymous_2)
FN:31,(anonymous_3)
FN:36,(anonymous_4)
FN:41,(anonymous_5)
FN:42,(anonymous_6)
FN:49,(anonymous_7)
FN:52,(anonymous_8)
FN:60,(anonymous_9)
FN:100,(anonymous_10)
FN:100,(anonymous_11)
FN:112,(anonymous_12)
FN:118,(anonymous_13)
FN:194,(anonymous_14)
FN:194,(anonymous_15)
FN:223,(anonymous_16)
FNF:17
FNH:11
FNDA:123,(anonymous_0)
FNDA:123,(anonymous_1)
FNDA:123,(anonymous_2)
FNDA:0,(anonymous_3)
FNDA:6,(anonymous_4)
FNDA:6,(anonymous_5)
FNDA:14,(anonymous_6)
FNDA:6,(anonymous_7)
FNDA:93,(anonymous_8)
FNDA:4,(anonymous_9)
FNDA:0,(anonymous_10)
FNDA:0,(anonymous_11)
FNDA:0,(anonymous_12)
FNDA:0,(anonymous_13)
FNDA:2,(anonymous_14)
FNDA:2,(anonymous_15)
FNDA:0,(anonymous_16)
DA:9,1
DA:10,123
DA:11,123
DA:12,123
DA:14,123
DA:15,123
DA:16,123
DA:17,123
DA:19,123
DA:20,123
DA:22,123
DA:28,123
DA:29,123
DA:31,123
DA:32,0
DA:33,0
DA:36,123
DA:37,6
DA:38,6
DA:41,123
DA:42,6
DA:43,14
DA:44,14
DA:45,14
DA:48,6
DA:49,6
DA:52,123
DA:53,93
DA:54,93
DA:55,0
DA:56,0
DA:60,123
DA:61,4
DA:62,4
DA:63,4
DA:65,4
DA:66,4
DA:68,3
DA:69,1
DA:70,2
DA:71,0
DA:72,2
DA:73,1
DA:74,1
DA:75,0
DA:77,1
DA:78,1
DA:79,1
DA:82,1
DA:83,1
DA:84,1
DA:86,4
DA:92,123
DA:100,0
DA:113,0
DA:114,0
DA:118,0
DA:194,2
DA:223,0
LF:59
LH:48
BRDA:29,0,0,123
BRDA:29,0,1,0
BRDA:38,1,0,0
BRDA:38,1,1,6
BRDA:44,2,0,14
BRDA:44,2,1,0
BRDA:44,3,0,14
BRDA:44,3,1,14
BRDA:54,4,0,0
BRDA:54,4,1,93
BRDA:68,5,0,1
BRDA:68,5,1,2
BRDA:70,6,0,0
BRDA:70,6,1,2
BRDA:72,7,0,1
BRDA:72,7,1,1
BRDA:74,8,0,0
BRDA:74,8,1,1
BRDA:82,9,0,1
BRDA:82,9,1,0
BRDA:101,10,0,0
BRDA:101,10,1,123
BRDA:107,11,0,0
BRDA:107,11,1,123
BRDA:110,12,0,123
BRDA:110,12,1,0
BRDA:120,13,0,0
BRDA:120,13,1,0
BRDA:124,14,0,0
BRDA:124,14,1,0
BRDA:127,15,0,0
BRDA:127,15,1,0
BRDA:131,16,0,0
BRDA:131,16,1,0
BRDA:148,17,0,123
BRDA:148,17,1,1
BRDA:186,18,0,2
BRDA:186,18,1,121
BRDA:197,19,0,2
BRDA:197,19,1,121
BRDA:208,20,0,4
BRDA:208,20,1,119
BRF:42
BRH:24
end_of_record
TN:
SF:src\auth\ResetPassword.tsx
FN:10,(anonymous_0)
FN:31,(anonymous_1)
FN:37,(anonymous_2)
FN:79,(anonymous_3)
FN:86,(anonymous_4)
FN:111,(anonymous_5)
FN:148,(anonymous_6)
FN:167,(anonymous_7)
FN:187,(anonymous_8)
FNF:9
FNH:2
FNDA:1,(anonymous_0)
FNDA:0,(anonymous_1)
FNDA:0,(anonymous_2)
FNDA:0,(anonymous_3)
FNDA:1,(anonymous_4)
FNDA:0,(anonymous_5)
FNDA:0,(anonymous_6)
FNDA:0,(anonymous_7)
FNDA:0,(anonymous_8)
DA:10,1
DA:11,1
DA:12,1
DA:13,1
DA:14,1
DA:15,1
DA:16,1
DA:18,1
DA:19,1
DA:20,1
DA:22,1
DA:23,1
DA:25,1
DA:26,1
DA:27,1
DA:28,1
DA:29,1
DA:31,1
DA:32,0
DA:33,0
DA:34,0
DA:37,1
DA:38,0
DA:39,0
DA:40,0
DA:42,0
DA:43,0
DA:44,0
DA:47,0
DA:48,0
DA:49,0
DA:50,0
DA:51,0
DA:54,0
DA:55,0
DA:64,0
DA:65,0
DA:66,0
DA:68,0
DA:78,0
DA:79,0
DA:81,0
DA:82,0
DA:86,1
DA:87,1
DA:88,0
DA:92,1
DA:111,0
DA:148,0
DA:167,0
DA:187,0
LF:51
LH:22
BRDA:22,0,0,1
BRDA:22,0,1,0
BRDA:23,1,0,1
BRDA:23,1,1,0
BRDA:25,2,0,1
BRDA:25,2,1,0
BRDA:25,2,2,0
BRDA:32,3,0,0
BRDA:32,3,1,0
BRDA:33,4,0,0
BRDA:33,4,1,0
BRDA:42,5,0,0
BRDA:42,5,1,0
BRDA:43,6,0,0
BRDA:43,6,1,0
BRDA:48,7,0,0
BRDA:48,7,1,0
BRDA:48,7,2,0
BRDA:49,8,0,0
BRDA:49,8,1,0
BRDA:54,9,0,0
BRDA:54,9,1,0
BRDA:64,10,0,0
BRDA:64,10,1,0
BRDA:81,11,0,0
BRDA:81,11,1,0
BRDA:81,11,2,0
BRDA:87,12,0,0
BRDA:87,12,1,1
BRDA:105,13,0,1
BRDA:105,13,1,0
BRDA:111,14,0,0
BRDA:111,14,1,0
BRDA:126,15,0,1
BRDA:126,15,1,0
BRDA:131,16,0,1
BRDA:131,16,1,0
BRDA:199,17,0,0
BRDA:199,17,1,1
BRF:39
BRH:8
end_of_record
TN:
SF:src\auth\Verification.tsx
FN:8,(anonymous_0)
FN:15,(anonymous_1)
FN:19,(anonymous_2)
FN:25,(anonymous_3)
FN:61,(anonymous_4)
FN:89,(anonymous_5)
FNF:6
FNH:2
FNDA:1,(anonymous_0)
FNDA:1,(anonymous_1)
FNDA:0,(anonymous_2)
FNDA:0,(anonymous_3)
FNDA:0,(anonymous_4)
FNDA:0,(anonymous_5)
DA:8,1
DA:9,1
DA:10,1
DA:11,1
DA:12,1
DA:13,1
DA:15,1
DA:16,1
DA:19,1
DA:20,0
DA:21,0
DA:22,0
DA:25,1
DA:26,0
DA:27,0
DA:28,0
DA:29,0
DA:30,0
DA:31,0
DA:33,0
DA:35,0
DA:37,0
DA:41,1
DA:61,0
DA:89,0
LF:25
LH:11
BRDA:16,0,0,1
BRDA:16,0,1,0
BRDA:20,1,0,0
BRDA:20,1,1,0
BRDA:21,2,0,0
BRDA:21,2,1,0
BRDA:29,3,0,0
BRDA:29,3,1,0
BRDA:35,4,0,0
BRDA:35,4,1,0
BRDA:54,5,0,1
BRDA:54,5,1,0
BRDA:101,6,0,0
BRDA:101,6,1,1
BRF:14
BRH:3
end_of_record
TN:
SF:src\components\ComplaintDetail.tsx
FN:52,(anonymous_0)
FN:73,(anonymous_1)
FN:91,(anonymous_2)
FN:104,(anonymous_3)
FN:106,(anonymous_4)
FN:119,(anonymous_5)
FN:160,(anonymous_6)
FN:164,(anonymous_7)
FN:169,(anonymous_8)
FN:177,(anonymous_9)
FN:201,(anonymous_10)
FN:223,(anonymous_11)
FN:258,(anonymous_12)
FN:266,(anonymous_13)
FN:274,(anonymous_14)
FN:282,(anonymous_15)
FN:285,(anonymous_16)
FN:300,(anonymous_17)
FN:337,(anonymous_18)
FN:353,(anonymous_19)
FN:381,(anonymous_20)
FN:385,(anonymous_21)
FN:394,(anonymous_22)
FN:413,(anonymous_23)
FN:419,(anonymous_24)
FN:437,(anonymous_25)
FN:448,(anonymous_26)
FN:498,(anonymous_27)
FN:501,(anonymous_28)
FN:511,(anonymous_29)
FN:515,(anonymous_30)
FN:523,(anonymous_31)
FN:534,(anonymous_32)
FN:543,(anonymous_33)
FN:572,(anonymous_34)
FN:577,(anonymous_35)
FN:610,(anonymous_36)
FN:628,(anonymous_37)
FN:693,(anonymous_38)
FN:715,(anonymous_39)
FN:742,(anonymous_40)
FN:763,(anonymous_41)
FN:923,(anonymous_42)
FN:946,(anonymous_43)
FN:992,(anonymous_44)
FNF:45
FNH:15
FNDA:0,(anonymous_0)
FNDA:0,(anonymous_1)
FNDA:0,(anonymous_2)
FNDA:0,(anonymous_3)
FNDA:0,(anonymous_4)
FNDA:0,(anonymous_5)
FNDA:34,(anonymous_6)
FNDA:2,(anonymous_7)
FNDA:0,(anonymous_8)
FNDA:0,(anonymous_9)
FNDA:0,(anonymous_10)
FNDA:3,(anonymous_11)
FNDA:0,(anonymous_12)
FNDA:1,(anonymous_13)
FNDA:0,(anonymous_14)
FNDA:0,(anonymous_15)
FNDA:0,(anonymous_16)
FNDA:3,(anonymous_17)
FNDA:1,(anonymous_18)
FNDA:1,(anonymous_19)
FNDA:1,(anonymous_20)
FNDA:1,(anonymous_21)
FNDA:0,(anonymous_22)
FNDA:1,(anonymous_23)
FNDA:1,(anonymous_24)
FNDA:0,(anonymous_25)
FNDA:0,(anonymous_26)
FNDA:0,(anonymous_27)
FNDA:0,(anonymous_28)
FNDA:0,(anonymous_29)
FNDA:1,(anonymous_30)
FNDA:0,(anonymous_31)
FNDA:2,(anonymous_32)
FNDA:2,(anonymous_33)
FNDA:2,(anonymous_34)
FNDA:0,(anonymous_35)
FNDA:0,(anonymous_36)
FNDA:0,(anonymous_37)
FNDA:0,(anonymous_38)
FNDA:0,(anonymous_39)
FNDA:0,(anonymous_40)
FNDA:0,(anonymous_41)
FNDA:0,(anonymous_42)
FNDA:0,(anonymous_43)
FNDA:0,(anonymous_44)
DA:50,2
DA:52,2
DA:53,0
DA:54,0
DA:56,0
DA:57,0
DA:58,0
DA:59,0
DA:60,0
DA:63,0
DA:65,0
DA:66,0
DA:70,0
DA:73,2
DA:74,0
DA:75,0
DA:78,0
DA:79,0
DA:82,0
DA:83,0
DA:84,0
DA:88,0
DA:91,2
DA:92,0
DA:93,0
DA:96,0
DA:97,0
DA:98,0
DA:101,0
DA:104,2
DA:106,2
DA:107,0
DA:108,0
DA:119,2
DA:123,0
DA:126,0
DA:134,0
DA:135,0
DA:139,0
DA:143,0
DA:145,0
DA:146,0
DA:149,0
DA:150,0
DA:153,0
DA:154,0
DA:157,0
DA:160,2
DA:162,34
DA:164,2
DA:165,2
DA:166,2
DA:169,2
DA:170,0
DA:171,0
DA:172,0
DA:173,0
DA:177,2
DA:188,0
DA:190,0
DA:201,0
DA:223,2
DA:224,3
DA:225,3
DA:226,3
DA:227,3
DA:228,3
DA:229,3
DA:231,3
DA:232,3
DA:233,3
DA:234,3
DA:235,3
DA:236,3
DA:237,3
DA:238,3
DA:239,3
DA:240,3
DA:241,3
DA:242,3
DA:248,3
DA:249,3
DA:254,3
DA:255,3
DA:256,3
DA:258,3
DA:259,0
DA:262,3
DA:263,3
DA:264,3
DA:266,3
DA:267,1
DA:268,1
DA:269,1
DA:271,1
DA:274,0
DA:275,0
DA:276,0
DA:277,0
DA:278,0
DA:280,0
DA:281,0
DA:282,0
DA:284,0
DA:285,0
DA:288,0
DA:289,0
DA:291,0
DA:293,0
DA:296,0
DA:300,3
DA:301,3
DA:303,3
DA:310,3
DA:313,3
DA:319,3
DA:325,3
DA:331,3
DA:337,3
DA:338,1
DA:339,0
DA:342,1
DA:343,1
DA:345,1
DA:346,0
DA:349,1
DA:352,3
DA:353,3
DA:354,1
DA:355,0
DA:358,1
DA:361,3
DA:362,3
DA:363,3
DA:364,3
DA:365,3
DA:366,3
DA:367,3
DA:368,3
DA:369,3
DA:370,3
DA:371,3
DA:372,3
DA:373,3
DA:374,3
DA:378,3
DA:379,3
DA:381,3
DA:382,1
DA:383,1
DA:385,1
DA:386,1
DA:387,1
DA:388,0
DA:389,0
DA:392,0
DA:393,0
DA:394,0
DA:397,1
DA:398,0
DA:401,1
DA:402,0
DA:405,1
DA:406,0
DA:411,1
DA:413,1
DA:414,1
DA:415,1
DA:419,3
DA:420,1
DA:421,0
DA:422,0
DA:423,0
DA:426,1
DA:427,1
DA:428,1
DA:431,0
DA:432,0
DA:433,0
DA:435,0
DA:437,0
DA:438,0
DA:439,0
DA:440,0
DA:443,0
DA:444,0
DA:447,0
DA:448,0
DA:451,0
DA:454,0
DA:455,1
DA:456,1
DA:457,1
DA:459,1
DA:464,1
DA:474,3
DA:480,3
DA:486,3
DA:492,3
DA:498,3
DA:499,0
DA:501,3
DA:502,0
DA:503,0
DA:511,3
DA:512,0
DA:515,3
DA:516,1
DA:517,1
DA:520,0
DA:521,0
DA:523,0
DA:524,0
DA:528,3
DA:534,3
DA:535,2
DA:536,0
DA:537,0
DA:538,0
DA:541,2
DA:543,2
DA:544,2
DA:545,2
DA:546,2
DA:547,2
DA:548,0
DA:549,0
DA:552,2
DA:553,0
DA:554,0
DA:556,2
DA:557,2
DA:560,1
DA:561,1
DA:564,2
DA:565,1
DA:570,2
DA:572,2
DA:573,2
DA:577,3
DA:578,0
DA:580,0
DA:581,0
DA:582,0
DA:583,0
DA:586,0
DA:587,0
DA:588,0
DA:589,0
DA:590,0
DA:593,0
DA:595,0
DA:598,0
DA:601,0
DA:602,0
DA:604,0
DA:606,0
DA:610,3
DA:611,0
DA:612,0
DA:613,0
DA:614,0
DA:615,0
DA:616,0
DA:618,0
DA:619,0
DA:620,0
DA:627,0
DA:628,0
DA:629,0
DA:631,0
DA:633,0
DA:637,3
DA:638,0
DA:645,3
DA:646,0
DA:661,3
DA:693,0
DA:715,0
DA:743,0
DA:744,0
DA:746,0
DA:747,0
DA:757,0
DA:763,0
DA:924,0
DA:946,0
DA:992,0
LF:288
LH:138
BRDA:63,0,0,0
BRDA:63,0,1,0
BRDA:63,1,0,0
BRDA:63,1,1,0
BRDA:65,2,0,0
BRDA:65,2,1,0
BRDA:74,3,0,0
BRDA:74,3,1,0
BRDA:78,4,0,0
BRDA:78,4,1,0
BRDA:83,5,0,0
BRDA:83,5,1,0
BRDA:92,6,0,0
BRDA:92,6,1,0
BRDA:92,7,0,0
BRDA:92,7,1,0
BRDA:97,8,0,0
BRDA:97,8,1,0
BRDA:97,9,0,0
BRDA:97,9,1,0
BRDA:97,9,2,0
BRDA:107,10,0,0
BRDA:107,10,1,0
BRDA:109,11,0,0
BRDA:109,11,1,0
BRDA:109,11,2,0
BRDA:109,11,3,0
BRDA:109,11,4,0
BRDA:109,11,5,0
BRDA:109,11,6,0
BRDA:123,12,0,0
BRDA:123,12,1,0
BRDA:126,13,0,0
BRDA:126,13,1,0
BRDA:126,13,2,0
BRDA:126,13,3,0
BRDA:126,13,4,0
BRDA:126,13,5,0
BRDA:126,13,6,0
BRDA:134,14,0,0
BRDA:134,14,1,0
BRDA:134,15,0,0
BRDA:134,15,1,0
BRDA:139,16,0,0
BRDA:139,16,1,0
BRDA:139,16,2,0
BRDA:139,16,3,0
BRDA:145,17,0,0
BRDA:145,17,1,0
BRDA:145,18,0,0
BRDA:145,18,1,0
BRDA:149,19,0,0
BRDA:149,19,1,0
BRDA:153,20,0,0
BRDA:153,20,1,0
BRDA:162,21,0,34
BRDA:162,21,1,0
BRDA:166,22,0,2
BRDA:166,22,1,0
BRDA:166,22,2,0
BRDA:170,23,0,0
BRDA:170,23,1,0
BRDA:172,24,0,0
BRDA:172,24,1,0
BRDA:196,25,0,0
BRDA:196,25,1,0
BRDA:233,26,0,3
BRDA:233,26,1,0
BRDA:263,27,0,3
BRDA:263,27,1,0
BRDA:264,28,0,3
BRDA:264,28,1,3
BRDA:267,29,0,1
BRDA:267,29,1,0
BRDA:268,30,0,1
BRDA:268,30,1,0
BRDA:275,31,0,0
BRDA:275,31,1,0
BRDA:275,32,0,0
BRDA:275,32,1,0
BRDA:280,33,0,0
BRDA:280,33,1,0
BRDA:280,34,0,0
BRDA:280,34,1,0
BRDA:280,34,2,0
BRDA:282,35,0,0
BRDA:282,35,1,0
BRDA:285,36,0,0
BRDA:285,36,1,0
BRDA:289,37,0,0
BRDA:289,37,1,0
BRDA:289,38,0,0
BRDA:289,38,1,0
BRDA:291,39,0,0
BRDA:291,39,1,0
BRDA:301,40,0,3
BRDA:301,40,1,0
BRDA:303,41,0,0
BRDA:303,41,1,3
BRDA:305,42,0,0
BRDA:305,42,1,3
BRDA:307,43,0,0
BRDA:307,43,1,3
BRDA:313,44,0,3
BRDA:313,44,1,0
BRDA:314,45,0,0
BRDA:314,45,1,3
BRDA:315,46,0,0
BRDA:315,46,1,0
BRDA:315,46,2,0
BRDA:316,47,0,3
BRDA:316,47,1,0
BRDA:319,48,0,3
BRDA:319,48,1,0
BRDA:320,49,0,0
BRDA:320,49,1,3
BRDA:321,50,0,0
BRDA:321,50,1,0
BRDA:322,51,0,3
BRDA:322,51,1,0
BRDA:325,52,0,3
BRDA:325,52,1,0
BRDA:326,53,0,0
BRDA:326,53,1,3
BRDA:327,54,0,0
BRDA:327,54,1,0
BRDA:328,55,0,3
BRDA:328,55,1,0
BRDA:331,56,0,3
BRDA:331,56,1,0
BRDA:332,57,0,0
BRDA:332,57,1,3
BRDA:333,58,0,0
BRDA:333,58,1,0
BRDA:334,59,0,3
BRDA:334,59,1,0
BRDA:338,60,0,0
BRDA:338,60,1,1
BRDA:345,61,0,0
BRDA:345,61,1,1
BRDA:345,62,0,1
BRDA:345,62,1,1
BRDA:352,63,0,3
BRDA:352,63,1,3
BRDA:354,64,0,0
BRDA:354,64,1,1
BRDA:361,65,0,3
BRDA:361,65,1,0
BRDA:362,66,0,3
BRDA:362,66,1,0
BRDA:388,67,0,0
BRDA:388,67,1,0
BRDA:393,68,0,0
BRDA:393,68,1,0
BRDA:397,69,0,0
BRDA:397,69,1,1
BRDA:401,70,0,0
BRDA:401,70,1,1
BRDA:405,71,0,0
BRDA:405,71,1,1
BRDA:420,72,0,0
BRDA:420,72,1,1
BRDA:426,73,0,1
BRDA:426,73,1,0
BRDA:439,74,0,0
BRDA:439,74,1,0
BRDA:443,75,0,0
BRDA:443,75,1,0
BRDA:447,76,0,0
BRDA:447,76,1,0
BRDA:454,77,0,0
BRDA:454,77,1,0
BRDA:455,78,0,0
BRDA:455,78,1,0
BRDA:456,79,0,0
BRDA:456,79,1,0
BRDA:456,80,0,0
BRDA:456,80,1,0
BRDA:457,81,0,0
BRDA:457,81,1,0
BRDA:474,82,0,3
BRDA:474,82,1,0
BRDA:475,83,0,0
BRDA:475,83,1,3
BRDA:480,84,0,3
BRDA:480,84,1,0
BRDA:481,85,0,0
BRDA:481,85,1,3
BRDA:482,86,0,0
BRDA:482,86,1,0
BRDA:486,87,0,3
BRDA:486,87,1,0
BRDA:487,88,0,0
BRDA:487,88,1,3
BRDA:492,89,0,3
BRDA:492,89,1,0
BRDA:493,90,0,0
BRDA:493,90,1,3
BRDA:495,91,0,3
BRDA:495,91,1,3
BRDA:499,92,0,0
BRDA:499,92,1,0
BRDA:499,92,2,0
BRDA:516,93,0,1
BRDA:516,93,1,0
BRDA:528,94,0,3
BRDA:528,94,1,0
BRDA:529,95,0,0
BRDA:529,95,1,3
BRDA:530,96,0,0
BRDA:530,96,1,0
BRDA:531,97,0,3
BRDA:531,97,1,3
BRDA:535,98,0,0
BRDA:535,98,1,2
BRDA:535,99,0,2
BRDA:535,99,1,2
BRDA:547,100,0,0
BRDA:547,100,1,2
BRDA:547,101,0,2
BRDA:547,101,1,2
BRDA:552,102,0,0
BRDA:552,102,1,2
BRDA:554,103,0,0
BRDA:554,103,1,0
BRDA:554,104,0,0
BRDA:554,104,1,0
BRDA:557,105,0,1
BRDA:557,105,1,1
BRDA:557,106,0,1
BRDA:557,106,1,0
BRDA:560,107,0,1
BRDA:560,107,1,0
BRDA:561,108,0,1
BRDA:561,108,1,1
BRDA:564,109,0,1
BRDA:564,109,1,1
BRDA:578,110,0,0
BRDA:578,110,1,0
BRDA:578,111,0,0
BRDA:578,111,1,0
BRDA:578,111,2,0
BRDA:581,112,0,0
BRDA:581,112,1,0
BRDA:581,113,0,0
BRDA:581,113,1,0
BRDA:589,114,0,0
BRDA:589,114,1,0
BRDA:593,115,0,0
BRDA:593,115,1,0
BRDA:598,116,0,0
BRDA:598,116,1,0
BRDA:604,117,0,0
BRDA:604,117,1,0
BRDA:611,118,0,0
BRDA:611,118,1,0
BRDA:611,119,0,0
BRDA:611,119,1,0
BRDA:612,120,0,0
BRDA:612,120,1,0
BRDA:613,121,0,0
BRDA:613,121,1,0
BRDA:614,122,0,0
BRDA:614,122,1,0
BRDA:614,123,0,0
BRDA:614,123,1,0
BRDA:624,124,0,0
BRDA:624,124,1,0
BRDA:628,125,0,0
BRDA:628,125,1,0
BRDA:631,126,0,0
BRDA:631,126,1,0
BRDA:637,127,0,0
BRDA:637,127,1,3
BRDA:645,128,0,0
BRDA:645,128,1,3
BRDA:684,129,0,3
BRDA:684,129,1,3
BRDA:684,129,2,3
BRDA:706,130,0,0
BRDA:706,130,1,3
BRDA:736,131,0,3
BRDA:736,131,1,0
BRDA:746,132,0,0
BRDA:746,132,1,0
BRDA:777,133,0,0
BRDA:777,133,1,3
BRDA:784,134,0,0
BRDA:784,134,1,0
BRDA:785,135,0,0
BRDA:785,135,1,0
BRDA:787,136,0,0
BRDA:787,136,1,0
BRDA:802,137,0,3
BRDA:802,137,1,3
BRDA:814,138,0,3
BRDA:814,138,1,0
BRDA:839,139,0,2
BRDA:839,139,1,1
BRDA:839,140,0,1
BRDA:839,140,1,1
BRDA:845,141,0,2
BRDA:845,141,1,1
BRDA:845,142,0,1
BRDA:845,142,1,1
BRDA:849,143,0,3
BRDA:849,143,1,0
BRDA:849,143,2,0
BRDA:875,144,0,3
BRDA:875,144,1,3
BRDA:907,145,0,3
BRDA:907,145,1,3
BRDA:920,146,0,2
BRDA:920,146,1,1
BRDA:922,147,0,0
BRDA:922,147,1,1
BRDA:927,148,0,0
BRDA:927,148,1,0
BRDA:927,149,0,0
BRDA:927,149,1,0
BRDA:953,150,0,3
BRDA:953,150,1,3
BRDA:956,151,0,0
BRDA:956,151,1,3
BRDA:968,152,0,3
BRDA:968,152,1,0
BRDA:987,153,0,0
BRDA:987,153,1,0
BRDA:987,154,0,0
BRDA:987,154,1,0
BRF:330
BRH:99
end_of_record
TN:
SF:src\components\Complaints.tsx
FN:6,(anonymous_0)
FN:18,(anonymous_1)
FN:22,(anonymous_2)
FN:24,(anonymous_3)
FN:30,(anonymous_4)
FN:32,(anonymous_5)
FN:34,(anonymous_6)
FN:34,(anonymous_7)
FN:53,(anonymous_8)
FN:59,(anonymous_9)
FN:69,(anonymous_10)
FN:99,(anonymous_11)
FN:126,(anonymous_12)
FN:131,(anonymous_13)
FN:145,(anonymous_14)
FN:152,(anonymous_15)
FN:175,(anonymous_16)
FN:188,(anonymous_17)
FNF:18
FNH:4
FNDA:1,(anonymous_0)
FNDA:0,(anonymous_1)
FNDA:0,(anonymous_2)
FNDA:0,(anonymous_3)
FNDA:0,(anonymous_4)
FNDA:0,(anonymous_5)
FNDA:0,(anonymous_6)
FNDA:0,(anonymous_7)
FNDA:0,(anonymous_8)
FNDA:0,(anonymous_9)
FNDA:0,(anonymous_10)
FNDA:4,(anonymous_11)
FNDA:2,(anonymous_12)
FNDA:0,(anonymous_13)
FNDA:3,(anonymous_14)
FNDA:0,(anonymous_15)
FNDA:0,(anonymous_16)
FNDA:0,(anonymous_17)
DA:6,1
DA:7,1
DA:8,1
DA:9,1
DA:10,1
DA:12,1
DA:18,1
DA:19,0
DA:22,1
DA:23,0
DA:24,0
DA:26,0
DA:30,1
DA:31,0
DA:32,0
DA:34,0
DA:38,1
DA:39,1
DA:41,1
DA:53,0
DA:59,0
DA:69,0
DA:100,4
DA:127,2
DA:128,1
DA:131,0
DA:146,3
DA:152,0
DA:175,0
DA:188,0
LF:30
LH:16
BRDA:23,0,0,0
BRDA:23,0,1,0
BRDA:31,1,0,0
BRDA:31,1,1,0
BRDA:38,2,0,1
BRDA:38,2,1,1
BRDA:39,3,0,1
BRDA:39,3,1,0
BRDA:54,4,0,1
BRDA:54,4,1,0
BRDA:60,5,0,0
BRDA:60,5,1,1
BRDA:116,6,0,1
BRDA:116,6,1,0
BRDA:127,7,0,1
BRDA:127,7,1,1
BRDA:170,8,0,1
BRDA:170,8,1,2
BRDA:170,9,0,1
BRDA:170,9,1,1
BRF:20
BRH:12
end_of_record
TN:
SF:src\components\DepartmentComplaints.tsx
FN:20,(anonymous_0)
FN:34,(anonymous_1)
FN:38,(anonymous_2)
FN:43,(anonymous_3)
FN:44,(anonymous_4)
FN:48,(anonymous_5)
FN:53,(anonymous_6)
FN:73,(anonymous_7)
FN:76,(anonymous_8)
FN:77,(anonymous_9)
FN:81,(anonymous_10)
FN:86,(anonymous_11)
FN:93,(anonymous_12)
FN:94,(anonymous_13)
FN:95,(anonymous_14)
FN:99,(anonymous_15)
FN:105,(anonymous_16)
FN:110,(anonymous_17)
FN:121,(anonymous_18)
FN:126,(anonymous_19)
FN:136,(anonymous_20)
FN:142,(anonymous_21)
FN:149,(anonymous_22)
FN:151,(anonymous_23)
FN:161,(anonymous_24)
FN:164,(anonymous_25)
FN:171,(anonymous_26)
FN:196,(anonymous_27)
FN:204,(anonymous_28)
FN:261,(anonymous_29)
FNF:30
FNH:28
FNDA:26,(anonymous_0)
FNDA:30,(anonymous_1)
FNDA:5,(anonymous_2)
FNDA:10,(anonymous_3)
FNDA:10,(anonymous_4)
FNDA:0,(anonymous_5)
FNDA:10,(anonymous_6)
FNDA:12,(anonymous_7)
FNDA:14,(anonymous_8)
FNDA:14,(anonymous_9)
FNDA:4,(anonymous_10)
FNDA:5,(anonymous_11)
FNDA:5,(anonymous_12)
FNDA:0,(anonymous_13)
FNDA:5,(anonymous_14)
FNDA:26,(anonymous_15)
FNDA:17,(anonymous_16)
FNDA:17,(anonymous_17)
FNDA:17,(anonymous_18)
FNDA:17,(anonymous_19)
FNDA:17,(anonymous_20)
FNDA:17,(anonymous_21)
FNDA:17,(anonymous_22)
FNDA:1,(anonymous_23)
FNDA:1,(anonymous_24)
FNDA:2,(anonymous_25)
FNDA:2,(anonymous_26)
FNDA:1,(anonymous_27)
FNDA:1,(anonymous_28)
FNDA:2,(anonymous_29)
DA:20,2
DA:21,26
DA:22,26
DA:23,26
DA:24,26
DA:25,26
DA:26,26
DA:27,26
DA:28,26
DA:29,26
DA:31,26
DA:32,26
DA:34,26
DA:35,30
DA:38,26
DA:39,5
DA:40,5
DA:42,5
DA:43,10
DA:44,10
DA:45,5
DA:46,5
DA:48,5
DA:49,5
DA:52,5
DA:53,10
DA:54,5
DA:55,0
DA:56,0
DA:57,0
DA:58,0
DA:61,0
DA:62,0
DA:66,5
DA:67,5
DA:69,0
DA:73,26
DA:74,12
DA:75,12
DA:76,14
DA:77,14
DA:78,12
DA:79,12
DA:81,12
DA:82,12
DA:83,12
DA:86,26
DA:87,5
DA:88,5
DA:93,26
DA:94,5
DA:95,5
DA:99,26
DA:100,26
DA:105,17
DA:111,17
DA:121,17
DA:127,17
DA:136,17
DA:142,17
DA:150,17
DA:151,1
DA:161,26
DA:162,1
DA:163,1
DA:164,2
DA:171,2
DA:172,1
DA:173,1
DA:174,1
DA:175,1
DA:176,1
DA:177,1
DA:180,26
DA:196,1
DA:204,1
DA:261,2
LF:77
LH:70
BRDA:35,0,0,30
BRDA:35,0,1,0
BRDA:35,0,2,0
BRDA:44,1,0,10
BRDA:44,1,1,5
BRDA:45,2,0,0
BRDA:45,2,1,5
BRDA:48,3,0,0
BRDA:48,3,1,5
BRDA:54,4,0,0
BRDA:54,4,1,5
BRDA:57,5,0,0
BRDA:57,5,1,0
BRDA:69,6,0,0
BRDA:69,6,1,0
BRDA:74,7,0,12
BRDA:74,7,1,0
BRDA:77,8,0,14
BRDA:77,8,1,7
BRDA:78,9,0,5
BRDA:78,9,1,7
BRDA:81,10,0,2
BRDA:81,10,1,10
BRDA:83,11,0,0
BRDA:83,11,1,12
BRDA:87,12,0,5
BRDA:87,12,1,0
BRDA:105,13,0,17
BRDA:105,13,1,0
BRDA:121,14,0,17
BRDA:121,14,1,0
BRDA:136,15,0,17
BRDA:136,15,1,0
BRDA:162,16,0,0
BRDA:162,16,1,1
BRDA:166,17,0,2
BRDA:166,17,1,0
BRDA:168,18,0,2
BRDA:168,18,1,0
BRDA:198,19,0,25
BRDA:198,19,1,1
BRDA:206,20,0,1
BRDA:206,20,1,25
BRDA:275,21,0,5
BRDA:275,21,1,21
BRDA:279,22,0,0
BRDA:279,22,1,21
BRDA:283,23,0,20
BRDA:283,23,1,1
BRF:49
BRH:30
end_of_record
TN:
SF:src\components\ErrorBoundary.tsx
FN:19,(anonymous_0)
FN:23,(anonymous_1)
FN:27,(anonymous_2)
FN:45,(anonymous_3)
FNF:4
FNH:2
FNDA:4,(anonymous_0)
FNDA:0,(anonymous_1)
FNDA:95,(anonymous_2)
FNDA:0,(anonymous_3)
DA:15,27
DA:20,0
DA:24,0
DA:28,95
DA:29,0
DA:30,0
DA:33,0
DA:45,0
DA:54,95
LF:9
LH:3
BRDA:28,0,0,0
BRDA:28,0,1,95
BRDA:29,1,0,0
BRDA:29,1,1,0
BRDA:41,2,0,0
BRDA:41,2,1,0
BRF:6
BRH:1
end_of_record
TN:
SF:src\components\LanguageSwitcher.tsx
FN:4,(anonymous_0)
FN:7,(anonymous_1)
FNF:2
FNH:0
FNDA:0,(anonymous_0)
FNDA:0,(anonymous_1)
DA:4,0
DA:5,0
DA:7,0
DA:8,0
DA:9,0
DA:12,0
LF:6
LH:0
BRDA:8,0,0,0
BRDA:8,0,1,0
BRDA:19,1,0,0
BRDA:19,1,1,0
BRF:4
BRH:0
end_of_record
TN:
SF:src\components\Modal.tsx
FN:3,(anonymous_0)
FNF:1
FNH:1
FNDA:58,(anonymous_0)
DA:3,2
DA:4,58
DA:5,4
LF:3
LH:3
BRDA:4,0,0,54
BRDA:4,0,1,4
BRF:2
BRH:2
end_of_record
TN:
SF:src\components\Navbar.tsx
FN:12,(anonymous_0)
FN:23,(anonymous_1)
FN:30,(anonymous_2)
FN:31,(anonymous_3)
FN:41,(anonymous_4)
FN:51,(anonymous_5)
FN:52,(anonymous_6)
FN:55,(anonymous_7)
FN:61,(anonymous_8)
FN:63,(anonymous_9)
FN:66,(anonymous_10)
FN:68,(anonymous_11)
FN:109,(anonymous_12)
FN:115,(anonymous_13)
FN:177,(anonymous_14)
FN:194,(anonymous_15)
FN:202,(anonymous_16)
FN:224,(anonymous_17)
FNF:18
FNH:6
FNDA:1,(anonymous_0)
FNDA:2,(anonymous_1)
FNDA:1,(anonymous_2)
FNDA:0,(anonymous_3)
FNDA:1,(anonymous_4)
FNDA:1,(anonymous_5)
FNDA:1,(anonymous_6)
FNDA:0,(anonymous_7)
FNDA:0,(anonymous_8)
FNDA:0,(anonymous_9)
FNDA:0,(anonymous_10)
FNDA:0,(anonymous_11)
FNDA:0,(anonymous_12)
FNDA:0,(anonymous_13)
FNDA:0,(anonymous_14)
FNDA:0,(anonymous_15)
FNDA:0,(anonymous_16)
FNDA:0,(anonymous_17)
DA:12,2
DA:13,1
DA:14,1
DA:15,1
DA:16,1
DA:18,1
DA:19,1
DA:20,1
DA:21,1
DA:23,1
DA:24,2
DA:25,2
DA:26,2
DA:27,0
DA:30,1
DA:31,1
DA:32,0
DA:33,0
DA:34,0
DA:36,0
DA:37,0
DA:40,1
DA:41,1
DA:45,1
DA:51,1
DA:52,1
DA:55,1
DA:56,0
DA:57,0
DA:61,1
DA:62,0
DA:63,0
DA:66,1
DA:67,0
DA:68,0
DA:71,1
DA:110,0
DA:111,0
DA:115,0
DA:178,0
DA:194,0
DA:203,0
DA:204,0
DA:205,0
DA:206,0
DA:207,0
DA:224,0
LF:47
LH:24
BRDA:25,0,0,0
BRDA:25,0,1,2
BRDA:25,1,0,2
BRDA:25,1,1,2
BRDA:26,2,0,2
BRDA:26,2,1,0
BRDA:26,3,0,2
BRDA:26,3,1,2
BRDA:33,4,0,0
BRDA:33,4,1,0
BRDA:33,5,0,0
BRDA:33,5,1,0
BRDA:36,6,0,0
BRDA:36,6,1,0
BRDA:36,7,0,0
BRDA:36,7,1,0
BRDA:52,8,0,1
BRDA:52,8,1,0
BRDA:94,9,0,0
BRDA:94,9,1,1
BRDA:102,10,0,0
BRDA:102,10,1,1
BRDA:106,11,0,1
BRDA:106,11,1,0
BRDA:118,12,0,0
BRDA:118,12,1,0
BRDA:125,13,0,0
BRDA:125,13,1,0
BRDA:128,14,0,0
BRDA:128,14,1,0
BRDA:132,15,0,0
BRDA:132,15,1,0
BRDA:145,16,0,0
BRDA:145,16,1,1
BRDA:148,17,0,1
BRDA:148,17,1,0
BRDA:150,18,0,0
BRDA:150,18,1,0
BRDA:155,19,0,1
BRDA:155,19,1,0
BRDA:161,20,0,0
BRDA:161,20,1,0
BRDA:169,21,0,0
BRDA:169,21,1,0
BRDA:180,22,0,0
BRDA:180,22,1,0
BRDA:182,23,0,0
BRDA:182,23,1,0
BRDA:184,24,0,0
BRDA:184,24,1,0
BRDA:194,25,0,0
BRDA:194,25,1,0
BRDA:204,26,0,0
BRDA:204,26,1,0
BRDA:205,27,0,0
BRDA:205,27,1,0
BRF:56
BRH:13
end_of_record
TN:
SF:src\components\OrgComponents.tsx
FN:3,(anonymous_0)
FN:19,(anonymous_1)
FNF:2
FNH:0
FNDA:0,(anonymous_0)
FNDA:0,(anonymous_1)
DA:3,1
DA:4,0
DA:5,0
DA:19,1
DA:20,0
LF:5
LH:2
BRDA:4,0,0,0
BRDA:4,0,1,0
BRF:2
BRH:0
end_of_record
TN:
SF:src\components\OrgHeadComplaints.tsx
FN:36,(anonymous_0)
FN:47,(anonymous_1)
FN:60,(anonymous_2)
FN:68,(anonymous_3)
FN:75,(anonymous_4)
FN:81,(anonymous_5)
FN:83,(anonymous_6)
FN:97,(anonymous_7)
FN:99,(anonymous_8)
FN:112,(anonymous_9)
FN:115,(anonymous_10)
FN:120,(anonymous_11)
FN:131,(anonymous_12)
FN:167,(anonymous_13)
FN:178,(anonymous_14)
FN:183,(anonymous_15)
FN:202,(anonymous_16)
FN:209,(anonymous_17)
FN:212,(anonymous_18)
FN:219,(anonymous_19)
FN:241,(anonymous_20)
FN:249,(anonymous_21)
FN:265,(anonymous_22)
FN:275,(anonymous_23)
FN:279,(anonymous_24)
FN:304,(anonymous_25)
FN:333,(anonymous_26)
FN:347,(anonymous_27)
FN:350,(anonymous_28)
FN:364,(anonymous_29)
FN:366,(anonymous_30)
FN:379,(anonymous_31)
FN:381,(anonymous_32)
FN:394,(anonymous_33)
FNF:34
FNH:28
FNDA:58,(anonymous_0)
FNDA:19,(anonymous_1)
FNDA:6,(anonymous_2)
FNDA:6,(anonymous_3)
FNDA:58,(anonymous_4)
FNDA:47,(anonymous_5)
FNDA:41,(anonymous_6)
FNDA:47,(anonymous_7)
FNDA:23,(anonymous_8)
FNDA:23,(anonymous_9)
FNDA:47,(anonymous_10)
FNDA:1,(anonymous_11)
FNDA:1,(anonymous_12)
FNDA:27,(anonymous_13)
FNDA:27,(anonymous_14)
FNDA:27,(anonymous_15)
FNDA:27,(anonymous_16)
FNDA:27,(anonymous_17)
FNDA:1,(anonymous_18)
FNDA:1,(anonymous_19)
FNDA:0,(anonymous_20)
FNDA:1,(anonymous_21)
FNDA:32,(anonymous_22)
FNDA:2,(anonymous_23)
FNDA:290,(anonymous_24)
FNDA:0,(anonymous_25)
FNDA:0,(anonymous_26)
FNDA:0,(anonymous_27)
FNDA:46,(anonymous_28)
FNDA:0,(anonymous_29)
FNDA:232,(anonymous_30)
FNDA:1,(anonymous_31)
FNDA:290,(anonymous_32)
FNDA:0,(anonymous_33)
DA:26,2
DA:34,2
DA:36,2
DA:37,58
DA:38,58
DA:39,58
DA:40,58
DA:42,58
DA:44,58
DA:45,58
DA:47,58
DA:48,19
DA:51,58
DA:52,58
DA:53,58
DA:60,58
DA:61,6
DA:62,6
DA:64,0
DA:68,58
DA:69,6
DA:70,6
DA:75,58
DA:76,58
DA:77,0
DA:81,58
DA:82,47
DA:83,47
DA:84,41
DA:85,41
DA:86,40
DA:88,31
DA:97,58
DA:98,47
DA:100,23
DA:101,23
DA:103,0
DA:104,0
DA:106,0
DA:112,23
DA:115,58
DA:116,47
DA:117,47
DA:120,58
DA:121,1
DA:122,1
DA:128,1
DA:131,58
DA:132,1
DA:133,1
DA:135,1
DA:136,1
DA:137,1
DA:149,1
DA:150,1
DA:151,1
DA:153,0
DA:156,58
DA:163,58
DA:168,27
DA:178,27
DA:184,27
DA:202,27
DA:210,27
DA:212,1
DA:219,1
DA:229,58
DA:241,0
DA:249,1
DA:265,32
DA:275,2
DA:280,290
DA:305,0
DA:333,0
DA:347,0
DA:351,46
DA:364,0
DA:367,232
DA:379,1
DA:382,290
DA:394,0
LF:81
LH:69
BRDA:48,0,0,19
BRDA:48,0,1,0
BRDA:48,0,2,0
BRDA:64,1,0,0
BRDA:64,1,1,0
BRDA:69,2,0,6
BRDA:69,2,1,0
BRDA:76,3,0,0
BRDA:76,3,1,58
BRDA:77,4,0,0
BRDA:77,4,1,0
BRDA:84,5,0,2
BRDA:84,5,1,39
BRDA:85,6,0,1
BRDA:85,6,1,40
BRDA:86,7,0,9
BRDA:86,7,1,31
BRDA:89,8,0,31
BRDA:89,8,1,17
BRDA:89,8,2,17
BRDA:89,8,3,17
BRDA:92,9,0,17
BRDA:92,9,1,0
BRDA:101,10,0,23
BRDA:101,10,1,0
BRDA:101,11,0,23
BRDA:101,11,1,0
BRDA:104,12,0,0
BRDA:104,12,1,0
BRDA:104,13,0,0
BRDA:104,13,1,0
BRDA:116,14,0,0
BRDA:116,14,1,47
BRDA:123,15,0,1
BRDA:123,15,1,0
BRDA:124,16,0,1
BRDA:124,16,1,0
BRDA:125,17,0,1
BRDA:125,17,1,0
BRDA:133,18,0,0
BRDA:133,18,1,1
BRDA:141,19,0,1
BRDA:141,19,1,0
BRDA:153,20,0,0
BRDA:153,20,1,0
BRDA:178,21,0,27
BRDA:178,21,1,0
BRDA:186,22,0,27
BRDA:186,22,1,0
BRDA:243,23,0,57
BRDA:243,23,1,1
BRDA:251,24,0,1
BRDA:251,24,1,57
BRDA:290,25,0,6
BRDA:290,25,1,52
BRDA:294,26,0,51
BRDA:294,26,1,1
BRDA:316,27,0,0
BRDA:316,27,1,0
BRDA:323,28,0,1
BRDA:323,28,1,1
BRDA:405,29,0,1
BRDA:405,29,1,57
BRF:63
BRH:36
end_of_record
TN:
SF:src\components\ProtectedRoute.tsx
FN:12,(anonymous_0)
FNF:1
FNH:1
FNDA:4,(anonymous_0)
DA:12,2
DA:13,4
DA:14,4
DA:15,4
DA:17,4
DA:18,3
DA:19,2
DA:22,1
LF:8
LH:8
BRDA:17,0,0,1
BRDA:17,0,1,3
BRDA:18,1,0,1
BRDA:18,1,1,2
BRDA:19,2,0,1
BRDA:19,2,1,1
BRF:6
BRH:6
end_of_record
TN:
SF:src\components\RoleBasedComplaints.tsx
FN:5,(anonymous_0)
FNF:1
FNH:0
FNDA:0,(anonymous_0)
DA:5,1
DA:6,0
DA:8,0
DA:10,0
DA:11,0
DA:13,0
LF:6
LH:1
BRDA:8,0,0,0
BRDA:8,0,1,0
BRDA:10,1,0,0
BRDA:10,1,1,0
BRDA:11,2,0,0
BRDA:11,2,1,0
BRF:6
BRH:0
end_of_record
TN:
SF:src\components\Settings.tsx
FN:9,(anonymous_0)
FN:23,(anonymous_1)
FN:45,(anonymous_2)
FN:51,(anonymous_3)
FN:149,(anonymous_4)
FN:151,(anonymous_5)
FN:165,(anonymous_6)
FN:177,(anonymous_7)
FNF:8
FNH:8
FNDA:104,(anonymous_0)
FNDA:3,(anonymous_1)
FNDA:9,(anonymous_2)
FNDA:8,(anonymous_3)
FNDA:31,(anonymous_4)
FNDA:1,(anonymous_5)
FNDA:28,(anonymous_6)
FNDA:29,(anonymous_7)
DA:9,2
DA:10,104
DA:11,104
DA:12,104
DA:13,104
DA:14,104
DA:15,104
DA:16,104
DA:17,104
DA:18,104
DA:19,104
DA:20,104
DA:23,104
DA:24,3
DA:25,3
DA:26,3
DA:28,3
DA:29,1
DA:30,1
DA:33,2
DA:34,2
DA:35,1
DA:36,3
DA:37,3
DA:38,3
DA:40,1
DA:41,1
DA:45,104
DA:46,9
DA:47,1
DA:51,104
DA:52,8
DA:56,104
DA:149,31
DA:151,1
DA:165,28
DA:177,29
LF:37
LH:37
BRDA:28,0,0,1
BRDA:28,0,1,2
BRDA:29,1,0,1
BRDA:29,1,1,0
BRDA:35,2,0,1
BRDA:35,2,1,0
BRDA:40,3,0,1
BRDA:40,3,1,1
BRDA:40,3,2,1
BRDA:46,4,0,1
BRDA:46,4,1,8
BRDA:74,5,0,0
BRDA:74,5,1,104
BRDA:97,6,0,104
BRDA:97,6,1,0
BRDA:107,7,0,104
BRDA:107,7,1,0
BRDA:129,8,0,104
BRDA:129,8,1,2
BRDA:134,9,0,104
BRDA:134,9,1,1
BRDA:145,10,0,1
BRDA:145,10,1,103
BRDA:152,11,0,1
BRDA:152,11,1,103
BRDA:186,12,0,3
BRDA:186,12,1,101
BRF:27
BRH:22
end_of_record
TN:
SF:src\components\Sidebar.tsx
FN:21,(anonymous_0)
FN:41,(anonymous_1)
FN:45,(anonymous_2)
FN:52,(anonymous_3)
FN:64,(anonymous_4)
FN:88,(anonymous_5)
FN:94,(anonymous_6)
FN:100,(anonymous_7)
FN:123,(anonymous_8)
FNF:9
FNH:4
FNDA:1,(anonymous_0)
FNDA:10,(anonymous_1)
FNDA:10,(anonymous_2)
FNDA:0,(anonymous_3)
FNDA:0,(anonymous_4)
FNDA:0,(anonymous_5)
FNDA:4,(anonymous_6)
FNDA:0,(anonymous_7)
FNDA:0,(anonymous_8)
DA:21,2
DA:22,1
DA:23,1
DA:24,1
DA:25,1
DA:26,1
DA:29,1
DA:41,1
DA:42,10
DA:45,10
DA:47,1
DA:52,0
DA:64,0
DA:88,0
DA:95,4
DA:96,4
DA:97,4
DA:101,0
DA:102,0
DA:123,0
LF:20
LH:14
BRDA:42,0,0,10
BRDA:42,0,1,0
BRDA:45,1,0,1
BRDA:45,1,1,1
BRDA:49,2,0,1
BRDA:49,2,1,0
BRDA:59,3,0,0
BRDA:59,3,1,1
BRDA:60,4,0,0
BRDA:60,4,1,1
BRDA:67,5,0,0
BRDA:67,5,1,1
BRDA:75,6,0,0
BRDA:75,6,1,1
BRDA:77,7,0,0
BRDA:77,7,1,1
BRDA:80,8,0,1
BRDA:80,8,1,0
BRDA:81,9,0,0
BRDA:81,9,1,0
BRDA:81,10,0,0
BRDA:81,10,1,0
BRDA:102,11,0,0
BRDA:102,11,1,0
BRDA:105,12,0,1
BRDA:105,12,1,3
BRDA:106,13,0,0
BRDA:106,13,1,4
BRDA:108,14,0,3
BRDA:108,14,1,1
BRDA:108,15,0,4
BRDA:108,15,1,4
BRDA:109,16,0,1
BRDA:109,16,1,3
BRDA:112,17,0,1
BRDA:112,17,1,3
BRDA:112,18,0,0
BRDA:112,18,1,4
BRDA:120,19,0,1
BRDA:120,19,1,1
BRDA:124,20,0,0
BRDA:124,20,1,1
BRDA:126,21,0,1
BRDA:126,21,1,0
BRDA:127,22,0,0
BRDA:127,22,1,1
BRF:46
BRH:27
end_of_record
TN:
SF:src\components\StatCard.tsx
FN:13,(anonymous_0)
FNF:1
FNH:1
FNDA:174,(anonymous_0)
DA:13,3
DA:20,174
LF:2
LH:2
BRDA:31,0,0,174
BRDA:31,0,1,0
BRDA:35,1,0,174
BRDA:35,1,1,174
BRF:4
BRH:3
end_of_record
TN:
SF:src\components\Table.tsx
FN:23,Table
FN:37,(anonymous_1)
FN:58,(anonymous_2)
FN:61,(anonymous_3)
FN:64,(anonymous_4)
FNF:5
FNH:5
FNDA:95,Table
FNDA:590,(anonymous_1)
FNDA:56,(anonymous_2)
FNDA:3,(anonymous_3)
FNDA:353,(anonymous_4)
DA:30,95
DA:38,590
DA:59,56
DA:61,3
DA:65,353
LF:5
LH:5
BRDA:27,0,0,95
BRDA:38,1,0,590
BRDA:38,1,1,519
BRDA:45,2,0,8
BRDA:45,2,1,87
BRDA:51,3,0,38
BRDA:51,3,1,49
BRDA:62,4,0,0
BRDA:62,4,1,56
BRDA:65,5,0,353
BRDA:65,5,1,160
BRDA:66,6,0,326
BRDA:66,6,1,27
BRF:13
BRH:12
end_of_record
TN:
SF:src\components\ThemeToggle.tsx
FN:9,(anonymous_0)
FNF:1
FNH:1
FNDA:2,(anonymous_0)
DA:9,3
DA:10,2
DA:11,2
DA:12,2
DA:14,2
LF:5
LH:5
BRDA:18,0,0,2
BRDA:18,0,1,2
BRDA:24,1,0,0
BRDA:24,1,1,2
BRF:4
BRH:3
end_of_record
TN:
SF:src\components\Users.tsx
FN:7,(anonymous_0)
FN:23,(anonymous_1)
FN:41,(anonymous_2)
FN:42,(anonymous_3)
FN:61,(anonymous_4)
FN:79,(anonymous_5)
FN:83,(anonymous_6)
FN:100,(anonymous_7)
FN:130,(anonymous_8)
FN:149,(anonymous_9)
FN:166,(anonymous_10)
FN:185,(anonymous_11)
FN:196,(anonymous_12)
FN:206,(anonymous_13)
FN:216,(anonymous_14)
FNF:15
FNH:4
FNDA:2,(anonymous_0)
FNDA:3,(anonymous_1)
FNDA:2,(anonymous_2)
FNDA:2,(anonymous_3)
FNDA:0,(anonymous_4)
FNDA:0,(anonymous_5)
FNDA:0,(anonymous_6)
FNDA:0,(anonymous_7)
FNDA:0,(anonymous_8)
FNDA:0,(anonymous_9)
FNDA:0,(anonymous_10)
FNDA:0,(anonymous_11)
FNDA:0,(anonymous_12)
FNDA:0,(anonymous_13)
FNDA:0,(anonymous_14)
DA:7,1
DA:8,2
DA:9,0
DA:23,1
DA:24,3
DA:25,3
DA:28,3
DA:29,3
DA:30,3
DA:31,3
DA:38,3
DA:41,3
DA:42,2
DA:43,2
DA:44,2
DA:45,2
DA:46,2
DA:47,2
DA:48,2
DA:50,0
DA:51,0
DA:53,2
DA:57,2
DA:61,3
DA:62,0
DA:63,0
DA:64,0
DA:65,0
DA:66,0
DA:67,0
DA:68,0
DA:69,0
DA:70,0
DA:72,0
DA:73,0
DA:75,0
DA:79,3
DA:80,0
DA:81,0
DA:82,0
DA:83,0
DA:85,0
DA:89,3
DA:100,0
DA:131,0
DA:149,0
DA:166,0
DA:185,0
DA:196,0
DA:206,0
DA:216,0
LF:51
LH:23
BRDA:8,0,0,2
BRDA:8,0,1,0
BRDA:43,1,0,0
BRDA:43,1,1,2
BRDA:43,2,0,2
BRDA:43,2,1,2
BRDA:51,3,0,0
BRDA:51,3,1,0
BRDA:73,4,0,0
BRDA:73,4,1,0
BRDA:80,5,0,0
BRDA:80,5,1,0
BRDA:83,6,0,0
BRDA:83,6,1,0
BRDA:85,7,0,0
BRDA:85,7,1,0
BRDA:98,8,0,3
BRDA:98,8,1,3
BRDA:135,9,0,0
BRDA:135,9,1,0
BRDA:136,10,0,0
BRDA:136,10,1,0
BRDA:137,11,0,0
BRDA:137,11,1,0
BRDA:137,12,0,0
BRDA:137,12,1,0
BRDA:137,12,2,0
BRDA:138,13,0,0
BRDA:138,13,1,0
BRDA:143,14,0,0
BRDA:143,14,1,0
BRDA:145,15,0,0
BRDA:145,15,1,0
BRDA:147,16,0,0
BRDA:147,16,1,0
BRDA:170,17,0,3
BRDA:170,17,1,0
BRDA:172,18,0,0
BRDA:172,18,1,0
BRDA:225,19,0,2
BRDA:225,19,1,1
BRF:41
BRH:9
end_of_record
TN:
SF:src\components\index.ts
FNF:0
FNH:0
LF:0
LH:0
BRF:0
BRH:0
end_of_record
TN:
SF:src\context\AuthContext.tsx
FN:19,(anonymous_0)
FN:21,(anonymous_1)
FN:23,(anonymous_2)
FN:54,(anonymous_3)
FN:55,(anonymous_4)
FN:81,(anonymous_5)
FN:111,(anonymous_6)
FN:118,(anonymous_7)
FN:130,(anonymous_8)
FNF:9
FNH:6
FNDA:3,(anonymous_0)
FNDA:6,(anonymous_1)
FNDA:1,(anonymous_2)
FNDA:1,(anonymous_3)
FNDA:1,(anonymous_4)
FNDA:0,(anonymous_5)
FNDA:0,(anonymous_6)
FNDA:0,(anonymous_7)
FNDA:3,(anonymous_8)
DA:17,1
DA:19,1
DA:20,3
DA:21,6
DA:23,3
DA:25,1
DA:26,1
DA:27,1
DA:28,1
DA:29,1
DA:30,1
DA:32,1
DA:33,1
DA:46,1
DA:47,1
DA:50,0
DA:54,3
DA:55,1
DA:56,1
DA:57,1
DA:58,1
DA:59,1
DA:61,1
DA:62,1
DA:63,1
DA:73,1
DA:74,1
DA:77,1
DA:81,3
DA:82,0
DA:83,0
DA:86,0
DA:87,0
DA:88,0
DA:92,0
DA:99,0
DA:100,0
DA:102,0
DA:103,0
DA:104,0
DA:106,0
DA:108,0
DA:111,3
DA:112,0
DA:113,0
DA:114,0
DA:115,0
DA:118,0
DA:119,0
DA:123,3
DA:130,1
DA:131,3
DA:132,3
DA:133,3
LF:54
LH:34
BRDA:26,0,0,0
BRDA:26,0,1,1
BRDA:30,1,0,1
BRDA:30,1,1,0
BRDA:32,2,0,1
BRDA:32,2,1,0
BRDA:34,3,0,1
BRDA:34,3,1,1
BRDA:35,4,0,1
BRDA:35,4,1,1
BRDA:37,5,0,1
BRDA:37,5,1,0
BRDA:37,5,2,0
BRDA:39,6,0,0
BRDA:39,6,1,0
BRDA:40,7,0,0
BRDA:40,7,1,0
BRDA:41,8,0,0
BRDA:41,8,1,0
BRDA:42,9,0,1
BRDA:42,9,1,0
BRDA:42,9,2,0
BRDA:43,10,0,1
BRDA:43,10,1,0
BRDA:43,10,2,0
BRDA:44,11,0,1
BRDA:44,11,1,1
BRDA:44,11,2,1
BRDA:61,12,0,1
BRDA:61,12,1,0
BRDA:61,13,0,1
BRDA:61,13,1,1
BRDA:66,14,0,1
BRDA:66,14,1,0
BRDA:87,15,0,0
BRDA:87,15,1,0
BRDA:88,16,0,0
BRDA:88,16,1,0
BRDA:93,17,0,0
BRDA:93,17,1,0
BRDA:93,17,2,0
BRDA:94,18,0,0
BRDA:94,18,1,0
BRDA:94,18,2,0
BRDA:95,19,0,0
BRDA:95,19,1,0
BRDA:99,20,0,0
BRDA:99,20,1,0
BRDA:132,21,0,0
BRDA:132,21,1,3
BRF:50
BRH:18
end_of_record
TN:
SF:src\context\LanguageContext.tsx
FN:40,(anonymous_0)
FN:43,(anonymous_1)
FN:52,(anonymous_2)
FNF:3
FNH:3
FNDA:4,(anonymous_0)
FNDA:2,(anonymous_1)
FNDA:4,(anonymous_2)
DA:13,2
DA:38,2
DA:40,2
DA:41,4
DA:43,4
DA:45,4
DA:52,2
DA:53,4
DA:54,4
DA:55,4
LF:10
LH:10
BRDA:43,0,0,2
BRDA:43,0,1,0
BRDA:54,1,0,0
BRDA:54,1,1,4
BRF:4
BRH:2
end_of_record
TN:
SF:src\context\NotificationContext.tsx
FN:26,(anonymous_0)
FN:32,(anonymous_1)
FN:34,(anonymous_2)
FN:43,(anonymous_3)
FN:51,(anonymous_4)
FN:60,(anonymous_5)
FN:69,(anonymous_6)
FN:74,(anonymous_7)
FN:85,(anonymous_8)
FNF:9
FNH:6
FNDA:1,(anonymous_0)
FNDA:1,(anonymous_1)
FNDA:1,(anonymous_2)
FNDA:0,(anonymous_3)
FNDA:0,(anonymous_4)
FNDA:1,(anonymous_5)
FNDA:0,(anonymous_6)
FNDA:1,(anonymous_7)
FNDA:1,(anonymous_8)
DA:24,1
DA:26,1
DA:27,1
DA:28,1
DA:29,1
DA:30,1
DA:32,1
DA:34,1
DA:35,1
DA:36,1
DA:37,1
DA:39,0
DA:43,1
DA:44,0
DA:45,0
DA:47,0
DA:51,1
DA:52,0
DA:53,0
DA:54,0
DA:56,0
DA:60,1
DA:61,1
DA:62,1
DA:65,1
DA:69,1
DA:70,0
DA:71,0
DA:74,1
DA:78,1
DA:85,1
DA:86,1
DA:87,1
DA:88,1
LF:34
LH:24
BRDA:32,0,0,1
BRDA:32,0,1,0
BRDA:35,1,0,0
BRDA:35,1,1,1
BRDA:61,2,0,1
BRDA:61,2,1,0
BRDA:61,3,0,1
BRDA:61,3,1,1
BRDA:65,4,0,1
BRDA:65,4,1,0
BRDA:87,5,0,0
BRDA:87,5,1,1
BRF:12
BRH:7
end_of_record
TN:
SF:src\context\ThemeContext.tsx
FN:15,(anonymous_0)
FN:24,(anonymous_1)
FN:27,(anonymous_2)
FN:34,(anonymous_3)
FN:37,(anonymous_4)
FN:37,(anonymous_5)
FN:45,(anonymous_6)
FNF:7
FNH:7
FNDA:1,(anonymous_0)
FNDA:2,(anonymous_1)
FNDA:2,(anonymous_2)
FNDA:2,(anonymous_3)
FNDA:1,(anonymous_4)
FNDA:1,(anonymous_5)
FNDA:2,(anonymous_6)
DA:11,2
DA:13,2
DA:15,2
DA:16,1
DA:18,1
DA:19,1
DA:21,1
DA:24,2
DA:25,2
DA:27,2
DA:28,2
DA:29,2
DA:30,2
DA:33,2
DA:34,2
DA:37,1
DA:42,2
DA:45,2
DA:46,2
DA:47,2
DA:48,2
LF:21
LH:21
BRDA:16,0,0,0
BRDA:16,0,1,1
BRDA:19,1,0,0
BRDA:19,1,1,1
BRDA:19,2,0,1
BRDA:19,2,1,1
BRDA:21,3,0,0
BRDA:21,3,1,1
BRDA:37,4,0,1
BRDA:37,4,1,0
BRDA:47,5,0,0
BRDA:47,5,1,2
BRF:12
BRH:7
end_of_record
TN:
SF:src\language\LanguageSwitcher.tsx
FN:4,(anonymous_0)
FN:8,(anonymous_1)
FNF:2
FNH:2
FNDA:2,(anonymous_0)
FNDA:1,(anonymous_1)
DA:4,1
DA:5,2
DA:6,2
DA:8,1
LF:4
LH:4
BRDA:8,0,0,1
BRDA:8,0,1,0
BRDA:11,1,0,1
BRDA:11,1,1,1
BRF:4
BRH:3
end_of_record
TN:
SF:src\layout\MainLayout.tsx
FN:9,(anonymous_0)
FN:22,(anonymous_1)
FNF:2
FNH:0
FNDA:0,(anonymous_0)
FNDA:0,(anonymous_1)
DA:9,0
DA:10,0
DA:12,0
DA:22,0
LF:4
LH:0
BRF:0
BRH:0
end_of_record
TN:
SF:src\layout\index.ts
FNF:0
FNH:0
LF:0
LH:0
BRF:0
BRH:0
end_of_record
TN:
SF:src\pages\AuditLogs.tsx
FN:22,(anonymous_0)
FN:30,(anonymous_1)
FN:38,(anonymous_2)
FN:45,(anonymous_3)
FN:53,(anonymous_4)
FN:59,(anonymous_5)
FN:64,(anonymous_6)
FN:69,(anonymous_7)
FN:79,(anonymous_8)
FN:89,(anonymous_9)
FN:99,(anonymous_10)
FN:109,(anonymous_11)
FN:119,(anonymous_12)
FN:128,(anonymous_13)
FN:159,(anonymous_14)
FN:165,(anonymous_15)
FN:175,(anonymous_16)
FN:251,(anonymous_17)
FN:251,(anonymous_18)
FN:259,(anonymous_19)
FN:259,(anonymous_20)
FNF:21
FNH:21
FNDA:31,(anonymous_0)
FNDA:8,(anonymous_1)
FNDA:4,(anonymous_2)
FNDA:7,(anonymous_3)
FNDA:4,(anonymous_4)
FNDA:1,(anonymous_5)
FNDA:12,(anonymous_6)
FNDA:12,(anonymous_7)
FNDA:12,(anonymous_8)
FNDA:12,(anonymous_9)
FNDA:12,(anonymous_10)
FNDA:12,(anonymous_11)
FNDA:12,(anonymous_12)
FNDA:12,(anonymous_13)
FNDA:1,(anonymous_14)
FNDA:93,(anonymous_15)
FNDA:1,(anonymous_16)
FNDA:1,(anonymous_17)
FNDA:1,(anonymous_18)
FNDA:1,(anonymous_19)
FNDA:1,(anonymous_20)
DA:10,2
DA:20,2
DA:22,2
DA:23,31
DA:24,31
DA:25,31
DA:26,31
DA:27,31
DA:28,31
DA:30,31
DA:31,8
DA:32,8
DA:35,31
DA:36,31
DA:38,31
DA:39,4
DA:40,4
DA:45,31
DA:46,7
DA:47,3
DA:48,3
DA:49,3
DA:53,31
DA:54,4
DA:55,0
DA:59,31
DA:60,1
DA:61,1
DA:64,31
DA:65,12
DA:66,12
DA:69,31
DA:70,12
DA:71,0
DA:72,0
DA:75,31
DA:80,12
DA:90,12
DA:100,12
DA:110,12
DA:120,12
DA:129,12
DA:134,31
DA:135,31
DA:136,31
DA:137,31
DA:139,31
DA:160,1
DA:161,1
DA:166,93
DA:175,1
DA:251,1
DA:259,1
LF:53
LH:50
BRDA:30,0,0,8
BRDA:30,1,0,8
BRDA:39,2,0,4
BRDA:39,2,1,0
BRDA:46,3,0,3
BRDA:46,3,1,4
BRDA:46,4,0,7
BRDA:46,4,1,5
BRDA:54,5,0,0
BRDA:54,5,1,4
BRDA:66,6,0,0
BRDA:66,6,1,12
BRDA:70,7,0,12
BRDA:70,7,1,0
BRDA:71,8,0,0
BRDA:71,8,1,0
BRDA:82,9,0,12
BRDA:82,9,1,12
BRDA:111,10,0,12
BRDA:111,10,1,0
BRDA:112,11,0,12
BRDA:112,11,1,12
BRDA:129,12,0,12
BRDA:129,12,1,12
BRDA:135,13,0,31
BRDA:135,13,1,8
BRDA:179,14,0,2
BRDA:179,14,1,29
BRDA:252,15,0,31
BRDA:252,15,1,4
BRDA:260,16,0,31
BRDA:260,16,1,19
BRF:32
BRH:25
end_of_record
TN:
SF:src\pages\Dashboard.tsx
FN:16,(anonymous_0)
FN:21,(anonymous_1)
FN:27,(anonymous_2)
FN:32,(anonymous_3)
FN:51,(anonymous_4)
FN:65,(anonymous_5)
FN:73,(anonymous_6)
FN:81,(anonymous_7)
FN:91,(anonymous_8)
FN:101,(anonymous_9)
FN:109,(anonymous_10)
FN:116,(anonymous_11)
FN:124,(anonymous_12)
FN:152,(anonymous_13)
FN:161,(anonymous_14)
FN:170,(anonymous_15)
FN:191,(anonymous_16)
FN:196,(anonymous_17)
FN:273,(anonymous_18)
FN:341,(anonymous_19)
FNF:20
FNH:2
FNDA:1,(anonymous_0)
FNDA:1,(anonymous_1)
FNDA:0,(anonymous_2)
FNDA:0,(anonymous_3)
FNDA:0,(anonymous_4)
FNDA:0,(anonymous_5)
FNDA:0,(anonymous_6)
FNDA:0,(anonymous_7)
FNDA:0,(anonymous_8)
FNDA:0,(anonymous_9)
FNDA:0,(anonymous_10)
FNDA:0,(anonymous_11)
FNDA:0,(anonymous_12)
FNDA:0,(anonymous_13)
FNDA:0,(anonymous_14)
FNDA:0,(anonymous_15)
FNDA:0,(anonymous_16)
FNDA:0,(anonymous_17)
FNDA:0,(anonymous_18)
FNDA:0,(anonymous_19)
DA:16,2
DA:17,1
DA:18,1
DA:19,1
DA:21,1
DA:22,1
DA:23,0
DA:27,1
DA:28,0
DA:29,0
DA:32,1
DA:33,0
DA:35,0
DA:36,0
DA:38,0
DA:51,0
DA:65,0
DA:73,0
DA:81,0
DA:91,0
DA:92,0
DA:93,0
DA:94,0
DA:95,0
DA:96,0
DA:97,0
DA:98,0
DA:101,1
DA:102,0
DA:104,0
DA:105,0
DA:106,0
DA:107,0
DA:109,0
DA:110,0
DA:111,0
DA:112,0
DA:116,0
DA:117,0
DA:118,0
DA:119,0
DA:120,0
DA:121,0
DA:124,0
DA:125,0
DA:126,0
DA:127,0
DA:128,0
DA:129,0
DA:132,0
DA:133,0
DA:134,0
DA:135,0
DA:136,0
DA:137,0
DA:138,0
DA:139,0
DA:141,0
DA:142,0
DA:143,0
DA:144,0
DA:145,0
DA:146,0
DA:148,0
DA:149,0
DA:150,0
DA:152,0
DA:153,0
DA:157,0
DA:158,0
DA:159,0
DA:161,0
DA:162,0
DA:166,0
DA:167,0
DA:168,0
DA:170,0
DA:171,0
DA:172,0
DA:176,0
DA:179,1
DA:180,0
DA:190,1
DA:191,1
DA:196,1
DA:202,1
DA:203,1
DA:204,1
DA:205,1
DA:206,1
DA:207,1
DA:209,1
DA:273,0
DA:342,0
LF:94
LH:20
BRDA:22,0,0,0
BRDA:22,0,1,1
BRDA:28,1,0,0
BRDA:28,1,1,0
BRDA:29,2,0,0
BRDA:29,2,1,0
BRDA:33,3,0,0
BRDA:33,3,1,0
BRDA:85,4,0,0
BRDA:85,4,1,0
BRDA:102,5,0,0
BRDA:102,5,1,0
BRDA:109,6,0,0
BRDA:110,7,0,0
BRDA:110,7,1,0
BRDA:124,8,0,0
BRDA:128,9,0,0
BRDA:128,9,1,0
BRDA:149,10,0,0
BRDA:149,10,1,0
BRDA:158,11,0,0
BRDA:158,11,1,0
BRDA:167,12,0,0
BRDA:167,12,1,0
BRDA:172,13,0,0
BRDA:172,13,1,0
BRDA:179,14,0,0
BRDA:179,14,1,1
BRDA:190,15,0,1
BRDA:190,15,1,0
BRDA:196,16,0,1
BRDA:196,16,1,0
BRDA:203,17,0,1
BRDA:203,17,1,0
BRDA:204,18,0,1
BRDA:204,18,1,0
BRDA:205,19,0,1
BRDA:205,19,1,0
BRDA:207,20,0,1
BRDA:207,20,1,0
BRDA:226,21,0,1
BRDA:226,21,1,0
BRDA:233,22,0,1
BRDA:233,22,1,0
BRDA:240,23,0,1
BRDA:240,23,1,0
BRDA:273,24,0,0
BRDA:273,24,1,0
BRDA:340,25,0,0
BRDA:340,25,1,1
BRDA:350,26,0,0
BRDA:350,26,1,1
BRDA:389,27,0,1
BRDA:389,27,1,1
BRF:54
BRH:15
end_of_record
TN:
SF:src\pages\DepartmentManagement.tsx
FN:21,(anonymous_0)
FN:45,(anonymous_1)
FN:52,(anonymous_2)
FN:59,(anonymous_3)
FN:63,(anonymous_4)
FN:77,(anonymous_5)
FN:104,(anonymous_6)
FN:139,(anonymous_7)
FN:165,(anonymous_8)
FN:176,(anonymous_9)
FN:179,(anonymous_10)
FN:196,(anonymous_11)
FN:217,(anonymous_12)
FN:227,(anonymous_13)
FN:238,(anonymous_14)
FN:241,(anonymous_15)
FN:259,(anonymous_16)
FN:283,(anonymous_17)
FN:286,(anonymous_18)
FN:295,(anonymous_19)
FN:298,(anonymous_20)
FN:315,(anonymous_21)
FN:324,(anonymous_22)
FN:349,(anonymous_23)
FN:353,(anonymous_24)
FN:357,(anonymous_25)
FN:362,(anonymous_26)
FN:367,(anonymous_27)
FN:376,(anonymous_28)
FN:380,(anonymous_29)
FN:384,(anonymous_30)
FN:389,(anonymous_31)
FN:394,(anonymous_32)
FN:396,(anonymous_33)
FN:404,(anonymous_34)
FN:416,(anonymous_35)
FNF:36
FNH:3
FNDA:1,(anonymous_0)
FNDA:1,(anonymous_1)
FNDA:1,(anonymous_2)
FNDA:0,(anonymous_3)
FNDA:0,(anonymous_4)
FNDA:0,(anonymous_5)
FNDA:0,(anonymous_6)
FNDA:0,(anonymous_7)
FNDA:0,(anonymous_8)
FNDA:0,(anonymous_9)
FNDA:0,(anonymous_10)
FNDA:0,(anonymous_11)
FNDA:0,(anonymous_12)
FNDA:0,(anonymous_13)
FNDA:0,(anonymous_14)
FNDA:0,(anonymous_15)
FNDA:0,(anonymous_16)
FNDA:0,(anonymous_17)
FNDA:0,(anonymous_18)
FNDA:0,(anonymous_19)
FNDA:0,(anonymous_20)
FNDA:0,(anonymous_21)
FNDA:0,(anonymous_22)
FNDA:0,(anonymous_23)
FNDA:0,(anonymous_24)
FNDA:0,(anonymous_25)
FNDA:0,(anonymous_26)
FNDA:0,(anonymous_27)
FNDA:0,(anonymous_28)
FNDA:0,(anonymous_29)
FNDA:0,(anonymous_30)
FNDA:0,(anonymous_31)
FNDA:0,(anonymous_32)
FNDA:0,(anonymous_33)
FNDA:0,(anonymous_34)
FNDA:0,(anonymous_35)
DA:21,2
DA:22,1
DA:23,1
DA:24,1
DA:27,1
DA:28,1
DA:29,1
DA:30,1
DA:33,1
DA:34,1
DA:35,1
DA:38,1
DA:39,1
DA:42,1
DA:43,1
DA:45,1
DA:46,1
DA:47,1
DA:52,1
DA:53,1
DA:54,0
DA:59,1
DA:60,0
DA:63,1
DA:64,0
DA:65,0
DA:69,0
DA:70,0
DA:72,0
DA:77,1
DA:78,0
DA:79,0
DA:80,0
DA:81,0
DA:82,0
DA:93,0
DA:95,0
DA:96,0
DA:97,0
DA:98,0
DA:100,0
DA:104,1
DA:105,0
DA:106,0
DA:107,0
DA:108,0
DA:109,0
DA:121,0
DA:130,0
DA:131,0
DA:132,0
DA:133,0
DA:135,0
DA:139,1
DA:140,0
DA:141,0
DA:143,0
DA:144,0
DA:145,0
DA:146,0
DA:148,0
DA:150,0
DA:151,0
DA:152,0
DA:154,0
DA:159,1
DA:166,0
DA:177,0
DA:180,0
DA:181,0
DA:182,0
DA:188,0
DA:197,0
DA:198,0
DA:199,0
DA:211,1
DA:218,0
DA:228,0
DA:239,0
DA:242,0
DA:243,0
DA:244,0
DA:251,0
DA:260,0
DA:261,0
DA:262,0
DA:274,1
DA:283,0
DA:286,0
DA:295,0
DA:298,0
DA:315,0
DA:324,0
DA:349,0
DA:353,0
DA:357,0
DA:362,0
DA:367,0
DA:376,0
DA:380,0
DA:384,0
DA:389,0
DA:394,0
DA:396,0
DA:404,0
DA:416,0
LF:106
LH:28
BRDA:46,0,0,1
BRDA:46,0,1,0
BRDA:46,1,0,1
BRDA:46,1,1,1
BRDA:53,2,0,0
BRDA:53,2,1,1
BRDA:54,3,0,0
BRDA:54,3,1,0
BRDA:65,4,0,0
BRDA:65,4,1,0
BRDA:66,5,0,0
BRDA:66,5,1,0
BRDA:72,6,0,0
BRDA:72,6,1,0
BRDA:81,7,0,0
BRDA:81,7,1,0
BRDA:98,8,0,0
BRDA:98,8,1,0
BRDA:100,9,0,0
BRDA:100,9,1,0
BRDA:108,10,0,0
BRDA:108,10,1,0
BRDA:133,11,0,0
BRDA:133,11,1,0
BRDA:135,12,0,0
BRDA:135,12,1,0
BRDA:141,13,0,0
BRDA:141,13,1,0
BRDA:145,14,0,0
BRDA:145,14,1,0
BRDA:154,15,0,0
BRDA:154,15,1,0
BRDA:166,16,0,0
BRDA:166,16,1,0
BRDA:167,17,0,0
BRDA:167,17,1,0
BRDA:186,18,0,0
BRDA:186,18,1,0
BRDA:194,19,0,0
BRDA:194,19,1,0
BRDA:219,20,0,0
BRDA:219,20,1,0
BRDA:219,21,0,0
BRDA:219,21,1,0
BRDA:228,22,0,0
BRDA:228,22,1,0
BRDA:228,23,0,0
BRDA:228,23,1,0
BRDA:229,24,0,0
BRDA:229,24,1,0
BRDA:229,25,0,0
BRDA:229,25,1,0
BRDA:248,26,0,0
BRDA:248,26,1,0
BRDA:248,27,0,0
BRDA:248,27,1,0
BRDA:249,28,0,0
BRDA:249,28,1,0
BRDA:256,29,0,0
BRDA:256,29,1,0
BRDA:256,29,2,0
BRDA:295,30,0,1
BRDA:295,30,1,0
BRDA:298,31,0,0
BRDA:298,31,1,1
BRDA:307,32,0,1
BRDA:307,32,1,0
BRDA:332,33,0,1
BRDA:332,33,1,0
BRDA:349,34,0,0
BRDA:349,34,1,1
BRDA:359,35,0,1
BRDA:359,35,1,1
BRDA:370,36,0,0
BRDA:370,36,1,1
BRDA:370,37,0,0
BRDA:370,37,1,1
BRDA:376,38,0,0
BRDA:376,38,1,1
BRDA:386,39,0,1
BRDA:386,39,1,1
BRDA:399,40,0,1
BRDA:399,40,1,0
BRDA:411,41,0,0
BRDA:411,41,1,1
BRDA:411,42,0,0
BRDA:411,42,1,1
BRDA:421,43,0,0
BRDA:421,43,1,1
BRDA:427,44,0,0
BRDA:427,44,1,1
BRF:91
BRH:21
end_of_record
TN:
SF:src\pages\DeptDashboard.tsx
FN:8,(anonymous_0)
FN:13,(anonymous_1)
FNF:2
FNH:2
FNDA:1,(anonymous_0)
FNDA:1,(anonymous_1)
DA:8,2
DA:9,1
DA:10,1
DA:11,1
DA:13,1
DA:14,1
DA:15,0
DA:19,1
DA:20,0
DA:30,1
DA:31,1
DA:32,1
DA:33,1
DA:35,1
LF:14
LH:12
BRDA:14,0,0,0
BRDA:14,0,1,1
BRDA:19,1,0,0
BRDA:19,1,1,1
BRDA:30,2,0,1
BRDA:30,2,1,0
BRDA:31,3,0,1
BRDA:31,3,1,0
BRDA:32,4,0,1
BRDA:32,4,1,0
BRDA:33,5,0,1
BRDA:33,5,1,0
BRF:12
BRH:6
end_of_record
TN:
SF:src\pages\Login.tsx
FN:5,(anonymous_0)
FN:12,(anonymous_1)
FN:51,(anonymous_2)
FN:61,(anonymous_3)
FNF:4
FNH:4
FNDA:26,(anonymous_0)
FNDA:1,(anonymous_1)
FNDA:16,(anonymous_2)
FNDA:9,(anonymous_3)
DA:5,1
DA:6,26
DA:7,26
DA:8,26
DA:9,26
DA:10,26
DA:12,26
DA:13,1
DA:14,1
DA:15,1
DA:18,1
DA:19,0
DA:20,1
DA:21,1
DA:22,0
DA:23,0
DA:26,0
DA:29,0
DA:33,26
DA:51,16
DA:61,9
LF:21
LH:16
BRDA:18,0,0,0
BRDA:18,0,1,1
BRDA:20,1,0,1
BRDA:20,1,1,0
BRDA:22,2,0,0
BRDA:22,2,1,0
BRDA:29,3,0,0
BRDA:29,3,1,0
BRDA:41,4,0,26
BRDA:41,4,1,0
BRF:10
BRH:3
end_of_record
TN:
SF:src\pages\OrgDashboard.tsx
FN:31,(anonymous_0)
FN:36,(anonymous_1)
FN:55,(anonymous_2)
FN:58,(anonymous_3)
FN:61,(anonymous_4)
FN:67,(anonymous_5)
FN:72,(anonymous_6)
FN:86,(anonymous_7)
FN:97,(anonymous_8)
FN:109,(anonymous_9)
FN:142,(anonymous_10)
FN:159,(anonymous_11)
FN:176,(anonymous_12)
FNF:13
FNH:2
FNDA:1,(anonymous_0)
FNDA:1,(anonymous_1)
FNDA:0,(anonymous_2)
FNDA:0,(anonymous_3)
FNDA:0,(anonymous_4)
FNDA:0,(anonymous_5)
FNDA:0,(anonymous_6)
FNDA:0,(anonymous_7)
FNDA:0,(anonymous_8)
FNDA:0,(anonymous_9)
FNDA:0,(anonymous_10)
FNDA:0,(anonymous_11)
FNDA:0,(anonymous_12)
DA:19,2
DA:31,2
DA:32,1
DA:33,1
DA:34,1
DA:36,1
DA:37,1
DA:38,0
DA:42,1
DA:43,0
DA:53,1
DA:54,1
DA:55,1
DA:56,0
DA:58,1
DA:59,0
DA:61,1
DA:67,1
DA:68,0
DA:69,0
DA:72,1
DA:73,0
DA:86,0
DA:96,0
DA:97,0
DA:100,0
DA:101,0
DA:102,0
DA:103,0
DA:104,0
DA:105,0
DA:106,0
DA:109,1
DA:110,0
DA:111,0
DA:112,0
DA:113,0
DA:115,0
DA:116,0
DA:117,0
DA:118,0
DA:120,0
DA:121,0
DA:122,0
DA:123,0
DA:125,0
DA:126,0
DA:127,0
DA:128,0
DA:130,0
DA:131,0
DA:132,0
DA:142,0
DA:143,0
DA:144,0
DA:145,0
DA:147,0
DA:148,0
DA:151,0
DA:152,0
DA:153,0
DA:154,0
DA:155,0
DA:157,0
DA:158,0
DA:159,0
DA:160,0
DA:167,0
DA:168,0
DA:169,0
DA:172,0
DA:173,0
DA:174,0
DA:175,0
DA:176,0
DA:177,0
DA:180,0
DA:183,1
LF:78
LH:17
BRDA:37,0,0,0
BRDA:37,0,1,1
BRDA:42,1,0,0
BRDA:42,1,1,1
BRDA:53,2,0,1
BRDA:53,2,1,0
BRDA:54,3,0,1
BRDA:54,3,1,0
BRDA:63,4,0,0
BRDA:63,4,1,0
BRDA:68,5,0,0
BRDA:68,5,1,0
BRDA:69,6,0,0
BRDA:69,6,1,0
BRDA:143,7,0,0
BRDA:143,7,1,0
BRDA:167,8,0,0
BRDA:167,8,1,0
BRF:18
BRH:4
end_of_record
TN:
SF:src\pages\OrgHeadDashboard.tsx
FN:21,(anonymous_0)
FN:27,(anonymous_1)
FN:32,(anonymous_2)
FN:38,(anonymous_3)
FN:45,(anonymous_4)
FN:62,(anonymous_5)
FN:62,(anonymous_6)
FN:71,(anonymous_7)
FN:71,(anonymous_8)
FN:79,(anonymous_9)
FN:91,(anonymous_10)
FN:103,(anonymous_11)
FN:110,(anonymous_12)
FN:118,(anonymous_13)
FN:135,(anonymous_14)
FN:160,(anonymous_15)
FN:171,(anonymous_16)
FN:191,(anonymous_17)
FN:209,(anonymous_18)
FN:284,(anonymous_19)
FN:318,(anonymous_20)
FN:341,(anonymous_21)
FNF:22
FNH:6
FNDA:0,(anonymous_0)
FNDA:1,(anonymous_1)
FNDA:1,(anonymous_2)
FNDA:1,(anonymous_3)
FNDA:1,(anonymous_4)
FNDA:1,(anonymous_5)
FNDA:0,(anonymous_6)
FNDA:1,(anonymous_7)
FNDA:0,(anonymous_8)
FNDA:0,(anonymous_9)
FNDA:0,(anonymous_10)
FNDA:0,(anonymous_11)
FNDA:0,(anonymous_12)
FNDA:0,(anonymous_13)
FNDA:0,(anonymous_14)
FNDA:0,(anonymous_15)
FNDA:0,(anonymous_16)
FNDA:0,(anonymous_17)
FNDA:0,(anonymous_18)
FNDA:0,(anonymous_19)
FNDA:0,(anonymous_20)
FNDA:0,(anonymous_21)
DA:21,2
DA:22,0
DA:23,0
DA:27,2
DA:28,1
DA:29,1
DA:30,1
DA:32,1
DA:33,1
DA:34,0
DA:38,1
DA:39,1
DA:40,0
DA:44,1
DA:45,1
DA:49,1
DA:50,1
DA:51,1
DA:52,1
DA:53,1
DA:54,1
DA:55,1
DA:56,1
DA:57,1
DA:58,1
DA:59,1
DA:61,1
DA:62,1
DA:70,1
DA:71,1
DA:79,1
DA:80,0
DA:91,0
DA:103,0
DA:110,0
DA:118,0
DA:126,0
DA:127,0
DA:128,0
DA:129,0
DA:130,0
DA:131,0
DA:132,0
DA:135,1
DA:136,0
DA:138,0
DA:139,0
DA:140,0
DA:142,0
DA:143,0
DA:144,0
DA:146,0
DA:147,0
DA:148,0
DA:149,0
DA:150,0
DA:152,0
DA:153,0
DA:161,0
DA:162,0
DA:165,0
DA:166,0
DA:167,0
DA:168,0
DA:169,0
DA:170,0
DA:171,0
DA:172,0
DA:177,0
DA:178,0
DA:179,0
DA:180,0
DA:184,0
DA:185,0
DA:186,0
DA:187,0
DA:188,0
DA:190,0
DA:191,0
DA:192,0
DA:193,0
DA:194,0
DA:195,0
DA:196,0
DA:197,0
DA:198,0
DA:202,0
DA:203,0
DA:204,0
DA:205,0
DA:206,0
DA:207,0
DA:208,0
DA:209,0
DA:210,0
DA:211,0
DA:212,0
DA:213,0
DA:214,0
DA:215,0
DA:219,0
DA:222,1
DA:223,0
DA:230,1
DA:284,0
DA:318,0
DA:342,0
LF:107
LH:30
BRDA:33,0,0,0
BRDA:33,0,1,1
BRDA:39,1,0,0
BRDA:39,1,1,1
BRDA:40,2,0,0
BRDA:40,2,1,0
BRDA:45,3,0,1
BRDA:45,3,1,0
BRDA:50,4,0,1
BRDA:50,4,1,0
BRDA:51,5,0,1
BRDA:51,5,1,0
BRDA:52,6,0,1
BRDA:52,6,1,0
BRDA:53,7,0,1
BRDA:53,7,1,0
BRDA:54,8,0,1
BRDA:54,8,1,0
BRDA:55,9,0,1
BRDA:55,9,1,0
BRDA:56,10,0,1
BRDA:56,10,1,0
BRDA:57,11,0,1
BRDA:57,11,1,0
BRDA:58,12,0,1
BRDA:58,12,1,0
BRDA:59,13,0,1
BRDA:59,13,1,0
BRDA:71,14,0,1
BRDA:71,14,1,0
BRDA:122,15,0,0
BRDA:122,15,1,0
BRDA:178,16,0,0
BRDA:178,16,1,0
BRDA:196,17,0,0
BRDA:196,17,1,0
BRDA:210,18,0,0
BRDA:210,18,1,0
BRDA:213,19,0,0
BRDA:213,19,1,0
BRDA:222,20,0,0
BRDA:222,20,1,1
BRDA:264,21,0,0
BRDA:264,21,1,1
BRDA:284,22,0,0
BRDA:284,22,1,0
BRDA:304,23,0,0
BRDA:304,23,1,1
BRDA:318,24,0,0
BRDA:318,24,1,0
BRDA:339,25,0,0
BRDA:339,25,1,1
BRDA:345,26,0,0
BRDA:345,26,1,0
BRF:54
BRH:18
end_of_record
TN:
SF:src\pages\OrgHeadDepartments.tsx
FN:13,(anonymous_0)
FN:18,(anonymous_1)
FN:25,(anonymous_2)
FN:32,(anonymous_3)
FN:38,(anonymous_4)
FN:42,(anonymous_5)
FN:49,(anonymous_6)
FN:52,(anonymous_7)
FN:82,(anonymous_8)
FN:105,(anonymous_9)
FN:110,(anonymous_10)
FN:135,(anonymous_11)
FN:144,(anonymous_12)
FN:163,(anonymous_13)
FNF:14
FNH:5
FNDA:0,(anonymous_0)
FNDA:1,(anonymous_1)
FNDA:1,(anonymous_2)
FNDA:1,(anonymous_3)
FNDA:1,(anonymous_4)
FNDA:0,(anonymous_5)
FNDA:1,(anonymous_6)
FNDA:0,(anonymous_7)
FNDA:0,(anonymous_8)
FNDA:0,(anonymous_9)
FNDA:0,(anonymous_10)
FNDA:0,(anonymous_11)
FNDA:0,(anonymous_12)
FNDA:0,(anonymous_13)
DA:13,2
DA:14,0
DA:15,0
DA:18,2
DA:19,1
DA:20,1
DA:21,1
DA:22,1
DA:23,1
DA:25,1
DA:26,1
DA:27,1
DA:32,1
DA:33,1
DA:34,0
DA:38,1
DA:39,1
DA:40,1
DA:41,0
DA:43,0
DA:49,1
DA:50,1
DA:51,1
DA:52,0
DA:53,0
DA:54,0
DA:63,1
DA:83,0
DA:90,1
DA:105,0
DA:111,0
DA:118,1
DA:119,1
DA:121,1
DA:135,0
DA:144,0
DA:163,0
LF:37
LH:23
BRDA:14,0,0,0
BRDA:14,0,1,0
BRDA:14,1,0,0
BRDA:14,1,1,0
BRDA:15,2,0,0
BRDA:15,2,1,0
BRDA:26,3,0,1
BRDA:26,3,1,0
BRDA:26,4,0,1
BRDA:26,4,1,1
BRDA:33,5,0,0
BRDA:33,5,1,1
BRDA:34,6,0,0
BRDA:34,6,1,0
BRDA:40,7,0,1
BRDA:40,7,1,0
BRDA:43,8,0,0
BRDA:43,8,1,0
BRDA:43,8,2,0
BRDA:51,9,0,1
BRDA:51,9,1,0
BRDA:55,10,0,0
BRDA:55,10,1,0
BRDA:55,10,2,0
BRDA:55,10,3,0
BRDA:83,11,0,0
BRDA:83,11,1,0
BRDA:84,12,0,0
BRDA:84,12,1,0
BRDA:111,13,0,0
BRDA:111,13,1,0
BRDA:112,14,0,0
BRDA:112,14,1,0
BRDA:136,15,0,1
BRDA:136,15,1,0
BRDA:145,16,0,0
BRDA:145,16,1,1
BRDA:157,17,0,1
BRDA:157,17,1,0
BRDA:168,18,0,0
BRDA:168,18,1,1
BRDA:174,19,0,1
BRDA:174,19,1,0
BRF:43
BRH:11
end_of_record
TN:
SF:src\pages\Organizations.tsx
FN:24,(anonymous_0)
FN:47,(anonymous_1)
FN:54,(anonymous_2)
FN:60,(anonymous_3)
FN:61,(anonymous_4)
FN:63,(anonymous_5)
FN:64,(anonymous_6)
FN:67,(anonymous_7)
FN:73,(anonymous_8)
FN:107,(anonymous_9)
FN:125,(anonymous_10)
FN:151,(anonymous_11)
FN:175,(anonymous_12)
FN:185,(anonymous_13)
FN:188,(anonymous_14)
FN:190,(anonymous_15)
FN:207,(anonymous_16)
FN:213,(anonymous_17)
FN:214,(anonymous_18)
FN:218,(anonymous_19)
FN:221,(anonymous_20)
FN:224,(anonymous_21)
FN:229,(anonymous_22)
FN:247,(anonymous_23)
FN:249,(anonymous_24)
FN:254,(anonymous_25)
FN:256,(anonymous_26)
FN:269,(anonymous_27)
FN:273,(anonymous_28)
FN:277,(anonymous_29)
FN:281,(anonymous_30)
FN:289,(anonymous_31)
FN:293,(anonymous_32)
FN:297,(anonymous_33)
FN:302,(anonymous_34)
FN:309,(anonymous_35)
FN:319,(anonymous_36)
FNF:37
FNH:3
FNDA:1,(anonymous_0)
FNDA:1,(anonymous_1)
FNDA:1,(anonymous_2)
FNDA:0,(anonymous_3)
FNDA:0,(anonymous_4)
FNDA:0,(anonymous_5)
FNDA:0,(anonymous_6)
FNDA:0,(anonymous_7)
FNDA:0,(anonymous_8)
FNDA:0,(anonymous_9)
FNDA:0,(anonymous_10)
FNDA:0,(anonymous_11)
FNDA:0,(anonymous_12)
FNDA:0,(anonymous_13)
FNDA:0,(anonymous_14)
FNDA:0,(anonymous_15)
FNDA:0,(anonymous_16)
FNDA:0,(anonymous_17)
FNDA:0,(anonymous_18)
FNDA:0,(anonymous_19)
FNDA:0,(anonymous_20)
FNDA:0,(anonymous_21)
FNDA:0,(anonymous_22)
FNDA:0,(anonymous_23)
FNDA:0,(anonymous_24)
FNDA:0,(anonymous_25)
FNDA:0,(anonymous_26)
FNDA:0,(anonymous_27)
FNDA:0,(anonymous_28)
FNDA:0,(anonymous_29)
FNDA:0,(anonymous_30)
FNDA:0,(anonymous_31)
FNDA:0,(anonymous_32)
FNDA:0,(anonymous_33)
FNDA:0,(anonymous_34)
FNDA:0,(anonymous_35)
FNDA:0,(anonymous_36)
DA:24,2
DA:25,1
DA:26,1
DA:27,1
DA:28,1
DA:31,1
DA:32,1
DA:33,1
DA:36,1
DA:37,1
DA:38,1
DA:39,1
DA:40,1
DA:43,1
DA:44,1
DA:45,1
DA:47,1
DA:48,1
DA:49,1
DA:54,1
DA:55,1
DA:56,0
DA:60,1
DA:61,1
DA:62,1
DA:63,0
DA:64,0
DA:67,1
DA:68,0
DA:69,0
DA:73,1
DA:74,0
DA:75,0
DA:76,0
DA:77,0
DA:78,0
DA:79,0
DA:85,0
DA:87,0
DA:93,0
DA:95,0
DA:96,0
DA:97,0
DA:99,0
DA:100,0
DA:102,0
DA:103,0
DA:104,0
DA:107,1
DA:108,0
DA:109,0
DA:110,0
DA:111,0
DA:114,0
DA:115,0
DA:117,0
DA:118,0
DA:120,0
DA:121,0
DA:122,0
DA:125,1
DA:126,0
DA:127,0
DA:128,0
DA:129,0
DA:130,0
DA:131,0
DA:132,0
DA:133,0
DA:135,0
DA:137,0
DA:138,0
DA:139,0
DA:140,0
DA:143,1
DA:151,0
DA:176,0
DA:185,0
DA:188,0
DA:190,0
DA:207,0
DA:213,0
DA:214,0
DA:218,0
DA:221,0
DA:224,0
DA:230,0
DA:247,0
DA:249,0
DA:254,0
DA:256,0
DA:269,0
DA:273,0
DA:277,0
DA:281,0
DA:289,0
DA:293,0
DA:297,0
DA:302,0
DA:309,0
DA:319,0
LF:101
LH:29
BRDA:48,0,0,1
BRDA:48,0,1,0
BRDA:55,1,0,0
BRDA:55,1,1,1
BRDA:56,2,0,0
BRDA:56,2,1,0
BRDA:68,3,0,0
BRDA:68,3,1,0
BRDA:75,4,0,0
BRDA:75,4,1,0
BRDA:77,5,0,0
BRDA:77,5,1,0
BRDA:78,6,0,0
BRDA:78,6,1,0
BRDA:95,7,0,0
BRDA:95,7,1,0
BRDA:104,8,0,0
BRDA:104,8,1,0
BRDA:110,9,0,0
BRDA:110,9,1,0
BRDA:114,10,0,0
BRDA:114,10,1,0
BRDA:122,11,0,0
BRDA:122,11,1,0
BRDA:127,12,0,0
BRDA:127,12,1,0
BRDA:129,13,0,0
BRDA:129,13,1,0
BRDA:131,14,0,0
BRDA:131,14,1,0
BRDA:132,15,0,0
BRDA:132,15,1,0
BRDA:145,16,0,0
BRDA:145,16,1,1
BRDA:156,17,0,0
BRDA:156,17,1,1
BRDA:176,18,0,0
BRDA:176,18,1,0
BRDA:180,19,0,0
BRDA:180,19,1,0
BRDA:181,20,0,0
BRDA:181,20,1,0
BRDA:189,21,0,0
BRDA:189,21,1,0
BRDA:202,22,0,0
BRDA:202,22,1,1
BRDA:203,23,0,1
BRDA:203,23,1,0
BRDA:218,24,0,0
BRDA:218,24,1,0
BRDA:221,25,0,0
BRDA:221,25,1,0
BRDA:224,26,0,0
BRDA:224,26,1,0
BRDA:238,27,0,0
BRDA:238,27,1,0
BRDA:240,28,0,0
BRDA:240,28,1,0
BRDA:241,29,0,0
BRDA:241,29,1,0
BRDA:245,30,0,0
BRDA:245,30,1,0
BRDA:248,31,0,0
BRDA:248,31,1,0
BRDA:255,32,0,0
BRDA:255,32,1,0
BRDA:269,33,0,0
BRDA:269,33,1,1
BRDA:279,34,0,1
BRDA:279,34,1,0
BRDA:285,35,0,0
BRDA:285,35,1,1
BRDA:289,36,0,0
BRDA:289,36,1,1
BRDA:289,37,0,0
BRDA:289,37,1,0
BRDA:289,38,0,0
BRDA:289,38,1,1
BRDA:299,39,0,1
BRDA:299,39,1,1
BRDA:305,40,0,0
BRDA:305,40,1,1
BRDA:314,41,0,0
BRDA:314,41,1,1
BRDA:322,42,0,0
BRDA:322,42,1,1
BRF:86
BRH:16
end_of_record
TN:
SF:src\router\AppRouter.tsx
FN:27,(anonymous_0)
FN:37,(anonymous_1)
FN:46,(anonymous_2)
FNF:3
FNH:1
FNDA:0,(anonymous_0)
FNDA:0,(anonymous_1)
FNDA:1,(anonymous_2)
DA:27,1
DA:28,0
DA:30,0
DA:37,0
DA:46,1
DA:47,1
LF:6
LH:3
BRF:0
BRH:0
end_of_record
TN:
SF:src\services\index.ts
FNF:0
FNH:0
LF:0
LH:0
BRF:0
BRH:0
end_of_record
TN:
SF:src\store\hooks.ts
FNF:0
FNH:0
DA:5,8
DA:6,8
LF:2
LH:2
BRF:0
BRH:0
end_of_record
TN:
SF:src\store\index.ts
FNF:0
FNH:0
DA:10,0
LF:1
LH:0
BRF:0
BRH:0
end_of_record
TN:
SF:src\store\slices\authSlice.ts
FN:31,(anonymous_0)
FN:41,(anonymous_1)
FN:57,(anonymous_2)
FN:87,(anonymous_3)
FN:99,(anonymous_4)
FN:115,(anonymous_5)
FN:137,(anonymous_6)
FN:142,(anonymous_7)
FN:145,(anonymous_8)
FN:157,(anonymous_9)
FN:159,(anonymous_10)
FN:162,(anonymous_11)
FN:166,(anonymous_12)
FN:170,(anonymous_13)
FN:175,(anonymous_14)
FN:181,(anonymous_15)
FN:186,(anonymous_16)
FN:191,(anonymous_17)
FN:196,(anonymous_18)
FN:206,(anonymous_19)
FN:207,(anonymous_20)
FN:208,(anonymous_21)
FN:209,(anonymous_22)
FN:210,(anonymous_23)
FN:211,(anonymous_24)
FN:212,(anonymous_25)
FNF:26
FNH:25
FNDA:1,(anonymous_0)
FNDA:3,(anonymous_1)
FNDA:2,(anonymous_2)
FNDA:3,(anonymous_3)
FNDA:2,(anonymous_4)
FNDA:2,(anonymous_5)
FNDA:3,(anonymous_6)
FNDA:4,(anonymous_7)
FNDA:1,(anonymous_8)
FNDA:15,(anonymous_9)
FNDA:2,(anonymous_10)
FNDA:2,(anonymous_11)
FNDA:0,(anonymous_12)
FNDA:253,(anonymous_13)
FNDA:8,(anonymous_14)
FNDA:253,(anonymous_15)
FNDA:7,(anonymous_16)
FNDA:253,(anonymous_17)
FNDA:1,(anonymous_18)
FNDA:1,(anonymous_19)
FNDA:1,(anonymous_20)
FNDA:9,(anonymous_21)
FNDA:9,(anonymous_22)
FNDA:9,(anonymous_23)
FNDA:24,(anonymous_24)
FNDA:24,(anonymous_25)
DA:19,17
DA:31,17
DA:32,1
DA:33,1
DA:34,1
DA:36,0
DA:39,17
DA:42,3
DA:43,3
DA:44,2
DA:45,2
DA:47,1
DA:48,1
DA:50,0
DA:55,17
DA:63,2
DA:64,2
DA:65,1
DA:70,1
DA:73,1
DA:78,1
DA:80,0
DA:85,17
DA:88,3
DA:89,3
DA:90,2
DA:92,1
DA:97,17
DA:100,2
DA:101,2
DA:102,2
DA:104,0
DA:109,17
DA:125,2
DA:126,2
DA:127,2
DA:128,2
DA:129,2
DA:130,2
DA:131,0
DA:132,0
DA:134,2
DA:135,2
DA:138,3
DA:139,3
DA:140,3
DA:143,4
DA:146,1
DA:147,1
DA:148,1
DA:149,1
DA:150,1
DA:151,1
DA:152,1
DA:153,1
DA:154,1
DA:158,15
DA:160,2
DA:163,2
DA:164,2
DA:167,0
DA:170,253
DA:176,8
DA:177,8
DA:181,253
DA:187,7
DA:191,253
DA:197,1
DA:198,1
DA:204,17
DA:206,17
DA:207,17
DA:208,17
DA:209,17
DA:210,17
DA:211,24
DA:212,24
LF:77
LH:70
BRDA:32,0,0,1
BRDA:32,0,1,0
BRDA:32,1,0,1
BRDA:32,1,1,1
BRDA:32,1,2,1
BRDA:34,2,0,1
BRDA:34,2,1,0
BRDA:43,3,0,2
BRDA:43,3,1,1
BRDA:64,4,0,1
BRDA:64,4,1,1
BRDA:128,5,0,2
BRDA:128,5,1,0
BRDA:131,6,0,0
BRDA:131,6,1,0
BRDA:139,7,0,3
BRDA:139,7,1,1
BRDA:140,8,0,3
BRDA:140,8,1,3
BRDA:170,9,0,253
BRDA:170,9,1,247
BRDA:170,9,2,243
BRDA:170,9,3,16
BRDA:181,10,0,253
BRDA:181,10,1,247
BRDA:181,10,2,243
BRDA:181,10,3,16
BRDA:191,11,0,253
BRDA:191,11,1,247
BRDA:191,11,2,243
BRDA:191,11,3,16
BRDA:198,12,0,1
BRDA:198,12,1,0
BRF:33
BRH:27
end_of_record
TN:
SF:src\store\slices\deptAdminSlice.ts
FN:23,(anonymous_0)
FN:31,(anonymous_1)
FN:40,(anonymous_2)
FN:51,(anonymous_3)
FN:63,(anonymous_4)
FN:75,(anonymous_5)
FN:90,(anonymous_6)
FN:92,(anonymous_7)
FN:96,(anonymous_8)
FN:100,(anonymous_9)
FN:104,(anonymous_10)
FN:107,(anonymous_11)
FN:110,(anonymous_12)
FN:112,(anonymous_13)
FN:116,(anonymous_14)
FN:120,(anonymous_15)
FN:123,(anonymous_16)
FN:129,(anonymous_17)
FNF:18
FNH:18
FNDA:2,(anonymous_0)
FNDA:7,(anonymous_1)
FNDA:1,(anonymous_2)
FNDA:2,(anonymous_3)
FNDA:1,(anonymous_4)
FNDA:1,(anonymous_5)
FNDA:15,(anonymous_6)
FNDA:8,(anonymous_7)
FNDA:6,(anonymous_8)
FNDA:1,(anonymous_9)
FNDA:1,(anonymous_10)
FNDA:3,(anonymous_11)
FNDA:1,(anonymous_12)
FNDA:1,(anonymous_13)
FNDA:1,(anonymous_14)
FNDA:1,(anonymous_15)
FNDA:1,(anonymous_16)
FNDA:27,(anonymous_17)
DA:14,17
DA:23,17
DA:24,2
DA:25,1
DA:26,1
DA:28,1
DA:31,17
DA:32,7
DA:33,7
DA:34,6
DA:36,1
DA:40,17
DA:41,1
DA:42,1
DA:43,1
DA:45,0
DA:49,17
DA:52,2
DA:53,2
DA:54,1
DA:56,1
DA:61,17
DA:64,1
DA:65,1
DA:66,1
DA:68,0
DA:73,17
DA:76,1
DA:77,1
DA:78,1
DA:79,1
DA:81,0
DA:86,17
DA:91,15
DA:93,8
DA:94,8
DA:97,6
DA:98,6
DA:101,1
DA:102,1
DA:105,1
DA:108,3
DA:111,1
DA:112,1
DA:113,1
DA:117,1
DA:118,1
DA:121,1
DA:124,1
DA:129,27
LF:50
LH:47
BRDA:24,0,0,1
BRDA:24,0,1,1
BRDA:24,1,0,2
BRDA:24,1,1,2
BRDA:24,1,2,2
BRDA:26,2,0,1
BRDA:26,2,1,0
BRDA:102,3,0,1
BRDA:102,3,1,0
BRDA:113,4,0,1
BRDA:113,4,1,0
BRDA:118,5,0,1
BRDA:118,5,1,0
BRF:13
BRH:9
end_of_record
TN:
SF:src\store\slices\deptHeadSlice.ts
FN:17,(anonymous_0)
FN:25,(anonymous_1)
FN:38,(anonymous_2)
FN:40,(anonymous_3)
FN:44,(anonymous_4)
FN:48,(anonymous_5)
FN:55,(anonymous_6)
FNF:7
FNH:2
FNDA:0,(anonymous_0)
FNDA:0,(anonymous_1)
FNDA:15,(anonymous_2)
FNDA:0,(anonymous_3)
FNDA:0,(anonymous_4)
FNDA:0,(anonymous_5)
FNDA:1,(anonymous_6)
DA:11,17
DA:17,17
DA:18,0
DA:19,0
DA:20,0
DA:22,0
DA:25,17
DA:26,0
DA:27,0
DA:28,0
DA:30,0
DA:34,17
DA:39,15
DA:41,0
DA:42,0
DA:45,0
DA:46,0
DA:49,0
DA:50,0
DA:55,17
LF:20
LH:6
BRDA:18,0,0,0
BRDA:18,0,1,0
BRDA:18,1,0,0
BRDA:18,1,1,0
BRDA:18,1,2,0
BRDA:20,2,0,0
BRDA:20,2,1,0
BRDA:50,3,0,0
BRDA:50,3,1,0
BRF:9
BRH:0
end_of_record
TN:
SF:src\store\slices\notificationSlice.ts
FN:19,(anonymous_0)
FN:30,(anonymous_1)
FN:38,(anonymous_2)
FN:49,(anonymous_3)
FN:61,(anonymous_4)
FN:75,(anonymous_5)
FN:79,(anonymous_6)
FN:81,(anonymous_7)
FN:85,(anonymous_8)
FN:89,(anonymous_9)
FN:93,(anonymous_10)
FN:94,(anonymous_11)
FN:98,(anonymous_12)
FN:99,(anonymous_13)
FN:106,(anonymous_14)
FNF:15
FNH:15
FNDA:2,(anonymous_0)
FNDA:1,(anonymous_1)
FNDA:3,(anonymous_2)
FNDA:2,(anonymous_3)
FNDA:1,(anonymous_4)
FNDA:2,(anonymous_5)
FNDA:15,(anonymous_6)
FNDA:3,(anonymous_7)
FNDA:2,(anonymous_8)
FNDA:1,(anonymous_9)
FNDA:2,(anonymous_10)
FNDA:4,(anonymous_11)
FNDA:1,(anonymous_12)
FNDA:2,(anonymous_13)
FNDA:2,(anonymous_14)
DA:12,16
DA:19,16
DA:20,2
DA:21,0
DA:22,0
DA:23,0
DA:24,0
DA:25,0
DA:27,0
DA:30,16
DA:31,1
DA:32,1
DA:33,1
DA:35,0
DA:38,16
DA:39,3
DA:40,3
DA:41,2
DA:43,1
DA:47,16
DA:50,2
DA:51,2
DA:52,2
DA:54,0
DA:59,16
DA:62,1
DA:63,1
DA:64,1
DA:66,0
DA:71,16
DA:76,2
DA:80,15
DA:82,3
DA:83,3
DA:86,2
DA:87,2
DA:90,1
DA:91,1
DA:94,2
DA:95,4
DA:99,2
DA:104,16
DA:106,16
LF:43
LH:34
BRDA:20,0,0,2
BRDA:20,0,1,0
BRDA:21,1,0,0
BRDA:21,1,1,0
BRDA:21,2,0,0
BRDA:21,2,1,0
BRDA:23,3,0,0
BRDA:23,3,1,0
BRDA:24,4,0,0
BRDA:24,4,1,0
BRDA:25,5,0,0
BRDA:25,5,1,0
BRDA:31,6,0,1
BRDA:31,6,1,0
BRDA:31,7,0,1
BRDA:31,7,1,1
BRDA:31,7,2,1
BRDA:33,8,0,1
BRDA:33,8,1,0
BRDA:91,9,0,1
BRDA:91,9,1,0
BRDA:95,10,0,2
BRDA:95,10,1,2
BRF:23
BRH:9
end_of_record
TN:
SF:src\store\slices\orgAdminSlice.ts
FN:23,(anonymous_0)
FN:31,(anonymous_1)
FN:40,(anonymous_2)
FN:58,(anonymous_3)
FN:70,(anonymous_4)
FN:82,(anonymous_5)
FN:94,(anonymous_6)
FN:106,(anonymous_7)
FN:121,(anonymous_8)
FN:135,(anonymous_9)
FN:137,(anonymous_10)
FN:141,(anonymous_11)
FN:145,(anonymous_12)
FN:149,(anonymous_13)
FN:153,(anonymous_14)
FN:158,(anonymous_15)
FN:162,(anonymous_16)
FN:165,(anonymous_17)
FN:169,(anonymous_18)
FN:171,(anonymous_19)
FN:173,(anonymous_20)
FN:175,(anonymous_21)
FN:179,(anonymous_22)
FN:183,(anonymous_23)
FN:185,(anonymous_24)
FN:187,(anonymous_25)
FN:189,(anonymous_26)
FN:194,(anonymous_27)
FN:196,(anonymous_28)
FN:205,(anonymous_29)
FNF:30
FNH:30
FNDA:2,(anonymous_0)
FNDA:2,(anonymous_1)
FNDA:2,(anonymous_2)
FNDA:1,(anonymous_3)
FNDA:1,(anonymous_4)
FNDA:1,(anonymous_5)
FNDA:1,(anonymous_6)
FNDA:1,(anonymous_7)
FNDA:1,(anonymous_8)
FNDA:15,(anonymous_9)
FNDA:3,(anonymous_10)
FNDA:1,(anonymous_11)
FNDA:1,(anonymous_12)
FNDA:2,(anonymous_13)
FNDA:1,(anonymous_14)
FNDA:1,(anonymous_15)
FNDA:1,(anonymous_16)
FNDA:1,(anonymous_17)
FNDA:1,(anonymous_18)
FNDA:1,(anonymous_19)
FNDA:1,(anonymous_20)
FNDA:1,(anonymous_21)
FNDA:1,(anonymous_22)
FNDA:1,(anonymous_23)
FNDA:1,(anonymous_24)
FNDA:1,(anonymous_25)
FNDA:1,(anonymous_26)
FNDA:249,(anonymous_27)
FNDA:3,(anonymous_28)
FNDA:12,(anonymous_29)
DA:14,18
DA:23,18
DA:24,2
DA:25,0
DA:26,0
DA:28,2
DA:31,18
DA:32,2
DA:33,2
DA:34,1
DA:36,1
DA:40,18
DA:41,2
DA:42,2
DA:47,1
DA:52,1
DA:56,18
DA:59,1
DA:60,1
DA:61,1
DA:63,0
DA:68,18
DA:71,1
DA:72,1
DA:73,1
DA:75,0
DA:80,18
DA:83,1
DA:84,1
DA:85,1
DA:87,0
DA:92,18
DA:95,1
DA:96,1
DA:97,1
DA:99,0
DA:104,18
DA:110,1
DA:111,1
DA:112,1
DA:114,0
DA:119,18
DA:122,1
DA:123,1
DA:124,1
DA:126,0
DA:131,18
DA:136,15
DA:138,3
DA:139,3
DA:142,1
DA:143,1
DA:146,1
DA:147,1
DA:150,2
DA:151,2
DA:154,1
DA:155,1
DA:156,1
DA:159,1
DA:160,1
DA:163,1
DA:166,1
DA:167,1
DA:170,1
DA:171,1
DA:174,1
DA:175,1
DA:176,1
DA:180,1
DA:181,1
DA:184,1
DA:185,1
DA:188,1
DA:189,1
DA:190,1
DA:195,249
DA:197,3
DA:198,3
DA:199,3
DA:205,18
LF:81
LH:73
BRDA:24,0,0,0
BRDA:24,0,1,2
BRDA:24,1,0,2
BRDA:24,1,1,2
BRDA:24,1,2,2
BRDA:26,2,0,0
BRDA:26,2,1,0
BRDA:147,3,0,1
BRDA:147,3,1,0
BRDA:160,4,0,1
BRDA:160,4,1,0
BRDA:171,5,0,1
BRDA:171,5,1,0
BRDA:176,6,0,1
BRDA:176,6,1,0
BRDA:185,7,0,1
BRDA:185,7,1,0
BRDA:190,8,0,1
BRDA:190,8,1,0
BRDA:195,9,0,249
BRDA:195,9,1,22
BRDA:199,10,0,3
BRDA:199,10,1,0
BRF:23
BRH:13
end_of_record
TN:
SF:src\store\slices\orgHeadSlice.ts
FN:36,(anonymous_0)
FN:44,(anonymous_1)
FN:53,(anonymous_2)
FN:71,(anonymous_3)
FN:82,(anonymous_4)
FN:100,(anonymous_5)
FN:112,(anonymous_6)
FN:127,(anonymous_7)
FN:129,(anonymous_8)
FN:133,(anonymous_9)
FN:137,(anonymous_10)
FN:141,(anonymous_11)
FN:145,(anonymous_12)
FN:151,(anonymous_13)
FN:155,(anonymous_14)
FN:158,(anonymous_15)
FN:161,(anonymous_16)
FN:163,(anonymous_17)
FN:166,(anonymous_18)
FN:180,(anonymous_19)
FN:184,(anonymous_20)
FN:187,(anonymous_21)
FN:193,(anonymous_22)
FNF:23
FNH:17
FNDA:0,(anonymous_0)
FNDA:1,(anonymous_1)
FNDA:7,(anonymous_2)
FNDA:1,(anonymous_3)
FNDA:1,(anonymous_4)
FNDA:0,(anonymous_5)
FNDA:0,(anonymous_6)
FNDA:15,(anonymous_7)
FNDA:2,(anonymous_8)
FNDA:2,(anonymous_9)
FNDA:1,(anonymous_10)
FNDA:7,(anonymous_11)
FNDA:7,(anonymous_12)
FNDA:0,(anonymous_13)
FNDA:1,(anonymous_14)
FNDA:2,(anonymous_15)
FNDA:3,(anonymous_16)
FNDA:4,(anonymous_17)
FNDA:1,(anonymous_18)
FNDA:0,(anonymous_19)
FNDA:1,(anonymous_20)
FNDA:0,(anonymous_21)
FNDA:29,(anonymous_22)
DA:25,19
DA:36,19
DA:37,0
DA:38,0
DA:39,0
DA:41,0
DA:44,19
DA:45,1
DA:46,1
DA:47,1
DA:49,0
DA:53,19
DA:54,7
DA:55,7
DA:61,7
DA:67,0
DA:71,19
DA:72,1
DA:73,1
DA:74,1
DA:76,0
DA:80,19
DA:89,1
DA:90,1
DA:91,1
DA:93,0
DA:98,19
DA:101,0
DA:102,0
DA:103,0
DA:105,0
DA:110,19
DA:113,0
DA:114,0
DA:115,0
DA:116,0
DA:118,0
DA:123,19
DA:128,15
DA:130,2
DA:131,2
DA:134,2
DA:135,2
DA:138,1
DA:139,1
DA:142,7
DA:143,7
DA:146,7
DA:147,7
DA:148,7
DA:149,7
DA:152,0
DA:153,0
DA:156,1
DA:159,2
DA:162,3
DA:163,3
DA:164,4
DA:165,3
DA:166,1
DA:169,4
DA:181,0
DA:182,0
DA:185,1
DA:188,0
DA:193,29
LF:66
LH:44
BRDA:37,0,0,0
BRDA:37,0,1,0
BRDA:37,1,0,0
BRDA:37,1,1,0
BRDA:37,1,2,0
BRDA:39,2,0,0
BRDA:39,2,1,0
BRDA:139,3,0,1
BRDA:139,3,1,0
BRDA:153,4,0,0
BRDA:153,4,1,0
BRDA:164,5,0,1
BRDA:164,5,1,3
BRDA:165,6,0,1
BRDA:165,6,1,2
BRDA:171,7,0,4
BRDA:171,7,1,2
BRDA:172,8,0,4
BRDA:172,8,1,0
BRDA:173,9,0,4
BRDA:173,9,1,2
BRDA:174,10,0,1
BRDA:174,10,1,2
BRDA:182,11,0,0
BRDA:182,11,1,0
BRF:25
BRH:12
end_of_record
TN:
SF:src\store\slices\sysAdminSlice.ts
FN:37,(anonymous_0)
FN:45,(anonymous_1)
FN:54,(anonymous_2)
FN:74,(anonymous_3)
FN:86,(anonymous_4)
FN:98,(anonymous_5)
FN:110,(anonymous_6)
FN:122,(anonymous_7)
FN:134,(anonymous_8)
FN:146,(anonymous_9)
FN:158,(anonymous_10)
FN:170,(anonymous_11)
FN:182,(anonymous_12)
FN:204,(anonymous_13)
FN:206,(anonymous_14)
FN:210,(anonymous_15)
FN:214,(anonymous_16)
FN:218,(anonymous_17)
FN:222,(anonymous_18)
FN:228,(anonymous_19)
FN:232,(anonymous_20)
FN:236,(anonymous_21)
FN:240,(anonymous_22)
FN:244,(anonymous_23)
FN:248,(anonymous_24)
FN:250,(anonymous_25)
FN:252,(anonymous_26)
FN:256,(anonymous_27)
FN:258,(anonymous_28)
FN:262,(anonymous_29)
FN:266,(anonymous_30)
FN:268,(anonymous_31)
FN:270,(anonymous_32)
FN:272,(anonymous_33)
FN:276,(anonymous_34)
FN:280,(anonymous_35)
FN:282,(anonymous_36)
FN:284,(anonymous_37)
FN:286,(anonymous_38)
FN:290,(anonymous_39)
FN:294,(anonymous_40)
FN:303,(anonymous_41)
FN:310,(anonymous_42)
FNF:43
FNH:25
FNDA:3,(anonymous_0)
FNDA:2,(anonymous_1)
FNDA:2,(anonymous_2)
FNDA:1,(anonymous_3)
FNDA:1,(anonymous_4)
FNDA:1,(anonymous_5)
FNDA:0,(anonymous_6)
FNDA:0,(anonymous_7)
FNDA:0,(anonymous_8)
FNDA:0,(anonymous_9)
FNDA:0,(anonymous_10)
FNDA:0,(anonymous_11)
FNDA:10,(anonymous_12)
FNDA:15,(anonymous_13)
FNDA:3,(anonymous_14)
FNDA:1,(anonymous_15)
FNDA:1,(anonymous_16)
FNDA:2,(anonymous_17)
FNDA:1,(anonymous_18)
FNDA:1,(anonymous_19)
FNDA:1,(anonymous_20)
FNDA:1,(anonymous_21)
FNDA:0,(anonymous_22)
FNDA:1,(anonymous_23)
FNDA:1,(anonymous_24)
FNDA:1,(anonymous_25)
FNDA:0,(anonymous_26)
FNDA:1,(anonymous_27)
FNDA:1,(anonymous_28)
FNDA:0,(anonymous_29)
FNDA:0,(anonymous_30)
FNDA:0,(anonymous_31)
FNDA:0,(anonymous_32)
FNDA:0,(anonymous_33)
FNDA:0,(anonymous_34)
FNDA:0,(anonymous_35)
FNDA:0,(anonymous_36)
FNDA:0,(anonymous_37)
FNDA:0,(anonymous_38)
FNDA:11,(anonymous_39)
FNDA:9,(anonymous_40)
FNDA:1,(anonymous_41)
FNDA:35,(anonymous_42)
DA:21,18
DA:37,18
DA:38,3
DA:39,0
DA:40,0
DA:42,3
DA:45,18
DA:46,2
DA:47,2
DA:48,1
DA:50,1
DA:54,18
DA:55,2
DA:56,2
DA:62,1
DA:68,1
DA:72,18
DA:75,1
DA:76,1
DA:77,1
DA:79,0
DA:84,18
DA:87,1
DA:88,1
DA:89,1
DA:91,0
DA:96,18
DA:99,1
DA:100,1
DA:101,1
DA:103,0
DA:108,18
DA:111,0
DA:112,0
DA:113,0
DA:115,0
DA:120,18
DA:123,0
DA:124,0
DA:125,0
DA:127,0
DA:132,18
DA:135,0
DA:136,0
DA:137,0
DA:139,0
DA:144,18
DA:147,0
DA:148,0
DA:149,0
DA:151,0
DA:156,18
DA:159,0
DA:160,0
DA:161,0
DA:163,0
DA:168,18
DA:171,0
DA:172,0
DA:173,0
DA:175,0
DA:180,18
DA:183,10
DA:184,10
DA:189,9
DA:195,1
DA:200,18
DA:205,15
DA:207,3
DA:208,3
DA:211,1
DA:212,1
DA:215,1
DA:216,1
DA:219,2
DA:220,2
DA:223,1
DA:224,1
DA:225,1
DA:226,1
DA:229,1
DA:230,1
DA:233,1
DA:234,1
DA:237,1
DA:238,1
DA:241,0
DA:242,0
DA:245,1
DA:246,1
DA:249,1
DA:250,1
DA:253,0
DA:254,0
DA:257,1
DA:258,1
DA:259,1
DA:263,0
DA:264,0
DA:267,0
DA:268,0
DA:271,0
DA:272,0
DA:273,0
DA:277,0
DA:278,0
DA:281,0
DA:282,0
DA:285,0
DA:286,0
DA:287,0
DA:291,11
DA:292,11
DA:295,9
DA:296,9
DA:297,9
DA:298,9
DA:299,9
DA:300,9
DA:301,9
DA:304,1
DA:305,1
DA:310,35
LF:123
LH:76
BRDA:38,0,0,0
BRDA:38,0,1,3
BRDA:38,1,0,3
BRDA:38,1,1,3
BRDA:38,1,2,3
BRDA:40,2,0,0
BRDA:40,2,1,0
BRDA:100,3,0,0
BRDA:100,3,1,1
BRDA:136,4,0,0
BRDA:136,4,1,0
BRDA:172,5,0,0
BRDA:172,5,1,0
BRDA:216,6,0,1
BRDA:216,6,1,0
BRDA:230,7,0,1
BRDA:230,7,1,0
BRDA:242,8,0,0
BRDA:242,8,1,0
BRDA:250,9,0,1
BRDA:250,9,1,0
BRDA:254,10,0,0
BRDA:254,10,1,0
BRDA:259,11,0,1
BRDA:259,11,1,0
BRDA:268,12,0,0
BRDA:268,12,1,0
BRDA:273,13,0,0
BRDA:273,13,1,0
BRDA:282,14,0,0
BRDA:282,14,1,0
BRDA:287,15,0,0
BRDA:287,15,1,0
BRDA:305,16,0,1
BRDA:305,16,1,0
BRF:35
BRH:10
end_of_record
TN:
SF:src\types\index.ts
FNF:0
FNH:0
LF:0
LH:0
BRF:0
BRH:0
end_of_record
